{"meta": {"format": 3, "version": "7.9.2", "timestamp": "2025-11-14T21:08:18.781442", "branch_coverage": false, "show_contexts": false}, "files": {"src/niamoto/__main__.py": {"executed_lines": [1, 5, 7, 8], "summary": {"covered_lines": 1, "num_statements": 1, "percent_covered": 100.0, "percent_covered_display": "100", "missing_lines": 0, "excluded_lines": 2}, "missing_lines": [], "excluded_lines": [7, 8], "functions": {"": {"executed_lines": [1, 5, 7, 8], "summary": {"covered_lines": 1, "num_statements": 1, "percent_covered": 100.0, "percent_covered_display": "100", "missing_lines": 0, "excluded_lines": 2}, "missing_lines": [], "excluded_lines": [7, 8]}}, "classes": {"": {"executed_lines": [1, 5, 7, 8], "summary": {"covered_lines": 1, "num_statements": 1, "percent_covered": 100.0, "percent_covered_display": "100", "missing_lines": 0, "excluded_lines": 2}, "missing_lines": [], "excluded_lines": [7, 8]}}}, "src/niamoto/__version__.py": {"executed_lines": [1, 3], "summary": {"covered_lines": 1, "num_statements": 1, "percent_covered": 100.0, "percent_covered_display": "100", "missing_lines": 0, "excluded_lines": 0}, "missing_lines": [], "excluded_lines": [], "functions": {"": {"executed_lines": [1, 3], "summary": {"covered_lines": 1, "num_statements": 1, "percent_covered": 100.0, "percent_covered_display": "100", "missing_lines": 0, "excluded_lines": 0}, "missing_lines": [], "excluded_lines": []}}, "classes": {"": {"executed_lines": [1, 3], "summary": {"covered_lines": 1, "num_statements": 1, "percent_covered": 100.0, "percent_covered_display": "100", "missing_lines": 0, "excluded_lines": 0}, "missing_lines": [], "excluded_lines": []}}}, "src/niamoto/cli/commands/base.py": {"executed_lines": [1, 8, 9, 10, 11, 12, 13, 14, 15, 18, 19, 32, 42, 43, 44, 53, 55, 56, 58, 59, 60, 65, 66, 68, 69, 70, 73, 74, 78, 79, 80, 87, 90, 91, 97, 107, 109, 110, 118, 120, 121, 122, 133, 136, 138, 139, 153, 154, 155, 156, 158, 159, 160, 164, 165, 169, 172, 173, 176, 177, 181, 184, 186, 210, 211, 212, 213, 216, 218, 236, 237, 238, 241, 243, 262, 263, 265, 268, 269, 270, 271, 274, 275, 286, 287], "summary": {"covered_lines": 83, "num_statements": 86, "percent_covered": 96.51162790697674, "percent_covered_display": "97", "missing_lines": 3, "excluded_lines": 0}, "missing_lines": [161, 288, 289], "excluded_lines": [], "functions": {"get_version_from_pyproject": {"executed_lines": [53, 55, 56, 58, 59, 60, 65, 66, 68, 69, 70, 73, 74, 78, 79, 80], "summary": {"covered_lines": 16, "num_statements": 16, "percent_covered": 100.0, "percent_covered_display": "100", "missing_lines": 0, "excluded_lines": 0}, "missing_lines": [], "excluded_lines": []}, "RichCLI.list_commands": {"executed_lines": [107], "summary": {"covered_lines": 1, "num_statements": 1, "percent_covered": 100.0, "percent_covered_display": "100", "missing_lines": 0, "excluded_lines": 0}, "missing_lines": [], "excluded_lines": []}, "RichCLI.format_help": {"executed_lines": [118, 120, 121, 122, 133, 136], "summary": {"covered_lines": 6, "num_statements": 6, "percent_covered": 100.0, "percent_covered_display": "100", "missing_lines": 0, "excluded_lines": 0}, "missing_lines": [], "excluded_lines": []}, "RichCLI._format_command_group": {"executed_lines": [153, 154, 155, 156, 158, 159, 160, 164, 165, 169, 172, 173], "summary": {"covered_lines": 12, "num_statements": 13, "percent_covered": 92.3076923076923, "percent_covered_display": "92", "missing_lines": 1, "excluded_lines": 0}, "missing_lines": [161], "excluded_lines": []}, "display_next_steps": {"executed_lines": [181, 184, 186, 210, 211, 212, 213, 216, 218, 236, 237, 238, 241, 243, 262, 263, 265, 268, 269, 270, 271], "summary": {"covered_lines": 21, "num_statements": 21, "percent_covered": 100.0, "percent_covered_display": "100", "missing_lines": 0, "excluded_lines": 0}, "missing_lines": [], "excluded_lines": []}, "confirm_action": {"executed_lines": [286, 287], "summary": {"covered_lines": 2, "num_statements": 4, "percent_covered": 50.0, "percent_covered_display": "50", "missing_lines": 2, "excluded_lines": 0}, "missing_lines": [288, 289], "excluded_lines": []}, "": {"executed_lines": [1, 8, 9, 10, 11, 12, 13, 14, 15, 18, 19, 32, 42, 43, 44, 87, 90, 91, 97, 109, 110, 138, 139, 176, 177, 274, 275], "summary": {"covered_lines": 25, "num_statements": 25, "percent_covered": 100.0, "percent_covered_display": "100", "missing_lines": 0, "excluded_lines": 0}, "missing_lines": [], "excluded_lines": []}}, "classes": {"RichCLI": {"executed_lines": [107, 118, 120, 121, 122, 133, 136, 153, 154, 155, 156, 158, 159, 160, 164, 165, 169, 172, 173], "summary": {"covered_lines": 19, "num_statements": 20, "percent_covered": 95.0, "percent_covered_display": "95", "missing_lines": 1, "excluded_lines": 0}, "missing_lines": [161], "excluded_lines": []}, "": {"executed_lines": [1, 8, 9, 10, 11, 12, 13, 14, 15, 18, 19, 32, 42, 43, 44, 53, 55, 56, 58, 59, 60, 65, 66, 68, 69, 70, 73, 74, 78, 79, 80, 87, 90, 91, 97, 109, 110, 138, 139, 176, 177, 181, 184, 186, 210, 211, 212, 213, 216, 218, 236, 237, 238, 241, 243, 262, 263, 265, 268, 269, 270, 271, 274, 275, 286, 287], "summary": {"covered_lines": 64, "num_statements": 66, "percent_covered": 96.96969696969697, "percent_covered_display": "97", "missing_lines": 2, "excluded_lines": 0}, "missing_lines": [288, 289], "excluded_lines": []}}}, "src/niamoto/cli/commands/deploy.py": {"executed_lines": [1, 5, 6, 7, 9, 11, 12, 13, 14, 17, 18, 23, 36, 37, 38, 43, 46, 47, 52, 57, 62, 67, 68, 70, 71, 73, 76, 78, 80, 81, 82, 87, 93, 99, 102, 103, 113, 121, 132, 139, 140, 162, 165, 168, 182, 193, 196, 203, 205, 206, 218, 219, 224, 225, 227, 228, 231, 232, 235, 236, 237, 244, 245, 248, 249, 254, 262, 273, 274, 278, 281, 282, 283, 298, 299, 304, 309, 310, 375, 376, 381, 386, 391, 395, 396], "summary": {"covered_lines": 84, "num_statements": 135, "percent_covered": 62.22222222222222, "percent_covered_display": "62", "missing_lines": 51, "excluded_lines": 0}, "missing_lines": [20, 84, 109, 111, 133, 136, 146, 148, 155, 184, 188, 191, 255, 285, 286, 312, 313, 316, 317, 320, 321, 322, 331, 344, 345, 346, 348, 349, 353, 358, 359, 360, 362, 363, 398, 399, 402, 403, 406, 407, 408, 415, 425, 426, 427, 431, 434, 435, 436, 438, 439], "excluded_lines": [], "functions": {"deploy_commands": {"executed_lines": [], "summary": {"covered_lines": 0, "num_statements": 1, "percent_covered": 0.0, "percent_covered_display": "0", "missing_lines": 1, "excluded_lines": 0}, "missing_lines": [20], "excluded_lines": []}, "get_output_dir": {"executed_lines": [36, 37, 38, 43], "summary": {"covered_lines": 4, "num_statements": 4, "percent_covered": 100.0, "percent_covered_display": "100", "missing_lines": 0, "excluded_lines": 0}, "missing_lines": [], "excluded_lines": []}, "deploy_to_github": {"executed_lines": [70, 71, 73, 76, 78, 80, 81, 82, 87, 93, 99, 102, 103, 113, 121, 132, 139, 140, 162, 165, 168, 182, 193, 196, 203, 205, 206], "summary": {"covered_lines": 27, "num_statements": 38, "percent_covered": 71.05263157894737, "percent_covered_display": "71", "missing_lines": 11, "excluded_lines": 0}, "missing_lines": [84, 109, 111, 133, 136, 146, 148, 155, 184, 188, 191], "excluded_lines": []}, "deploy_to_netlify": {"executed_lines": [227, 228, 231, 232, 235, 236, 237, 244, 245, 248, 249, 254, 262, 273, 274, 278, 281, 282, 283], "summary": {"covered_lines": 19, "num_statements": 22, "percent_covered": 86.36363636363636, "percent_covered_display": "86", "missing_lines": 3, "excluded_lines": 0}, "missing_lines": [255, 285, 286], "excluded_lines": []}, "deploy_to_cloudflare": {"executed_lines": [], "summary": {"covered_lines": 0, "num_statements": 19, "percent_covered": 0.0, "percent_covered_display": "0", "missing_lines": 19, "excluded_lines": 0}, "missing_lines": [312, 313, 316, 317, 320, 321, 322, 331, 344, 345, 346, 348, 349, 353, 358, 359, 360, 362, 363], "excluded_lines": []}, "deploy_via_ssh": {"executed_lines": [], "summary": {"covered_lines": 0, "num_statements": 17, "percent_covered": 0.0, "percent_covered_display": "0", "missing_lines": 17, "excluded_lines": 0}, "missing_lines": [398, 399, 402, 403, 406, 407, 408, 415, 425, 426, 427, 431, 434, 435, 436, 438, 439], "excluded_lines": []}, "": {"executed_lines": [1, 5, 6, 7, 9, 11, 12, 13, 14, 17, 18, 23, 46, 47, 52, 57, 62, 67, 68, 218, 219, 224, 225, 298, 299, 304, 309, 310, 375, 376, 381, 386, 391, 395, 396], "summary": {"covered_lines": 34, "num_statements": 34, "percent_covered": 100.0, "percent_covered_display": "100", "missing_lines": 0, "excluded_lines": 0}, "missing_lines": [], "excluded_lines": []}}, "classes": {"": {"executed_lines": [1, 5, 6, 7, 9, 11, 12, 13, 14, 17, 18, 23, 36, 37, 38, 43, 46, 47, 52, 57, 62, 67, 68, 70, 71, 73, 76, 78, 80, 81, 82, 87, 93, 99, 102, 103, 113, 121, 132, 139, 140, 162, 165, 168, 182, 193, 196, 203, 205, 206, 218, 219, 224, 225, 227, 228, 231, 232, 235, 236, 237, 244, 245, 248, 249, 254, 262, 273, 274, 278, 281, 282, 283, 298, 299, 304, 309, 310, 375, 376, 381, 386, 391, 395, 396], "summary": {"covered_lines": 84, "num_statements": 135, "percent_covered": 62.22222222222222, "percent_covered_display": "62", "missing_lines": 51, "excluded_lines": 0}, "missing_lines": [20, 84, 109, 111, 133, 136, 146, 148, 155, 184, 188, 191, 255, 285, 286, 312, 313, 316, 317, 320, 321, 322, 331, 344, 345, 346, 348, 349, 353, 358, 359, 360, 362, 363, 398, 399, 402, 403, 406, 407, 408, 415, 425, 426, 427, 431, 434, 435, 436, 438, 439], "excluded_lines": []}}}, "src/niamoto/cli/commands/export.py": {"executed_lines": [3, 12, 13, 15, 17, 18, 19, 20, 21, 29, 32, 33, 40, 47, 53, 58, 59, 87, 89, 90, 91, 93, 94, 95, 98, 101, 102, 103, 106, 107, 108, 109, 112, 113, 114, 117, 118, 119, 120, 122, 125, 128, 129, 132, 134, 135, 136, 137, 138, 139, 140, 141, 142, 143, 144, 145, 148, 150, 152, 153, 155, 156, 157, 159, 160, 161, 163, 166, 167, 168, 169, 172, 173, 174, 176, 178, 179, 182, 184, 186, 187, 199, 201, 204, 208, 210, 211, 214, 215, 216, 217, 218, 221, 223, 224, 225, 226, 230, 231, 233, 234, 235, 236, 238, 239, 240, 241, 242, 244, 246, 247], "summary": {"covered_lines": 110, "num_statements": 116, "percent_covered": 94.82758620689656, "percent_covered_display": "95", "missing_lines": 6, "excluded_lines": 0}, "missing_lines": [190, 191, 193, 194, 196, 197], "excluded_lines": [], "functions": {"export_command": {"executed_lines": [87, 89, 90, 91, 93, 94, 95, 98, 101, 102, 103, 106, 107, 108, 109, 112, 113, 114, 117, 118, 119, 120, 122, 125, 128, 129, 132, 134, 135, 136, 137, 138, 139, 140, 141, 142, 143, 144, 145], "summary": {"covered_lines": 39, "num_statements": 39, "percent_covered": 100.0, "percent_covered_display": "100", "missing_lines": 0, "excluded_lines": 0}, "missing_lines": [], "excluded_lines": []}, "_list_export_targets": {"executed_lines": [150, 152, 153, 155, 156, 157, 159, 160, 161, 163, 166, 167, 168, 169, 172, 173, 174, 176, 178, 179], "summary": {"covered_lines": 20, "num_statements": 20, "percent_covered": 100.0, "percent_covered_display": "100", "missing_lines": 0, "excluded_lines": 0}, "missing_lines": [], "excluded_lines": []}, "_display_output_links": {"executed_lines": [184, 186, 187, 199, 201], "summary": {"covered_lines": 5, "num_statements": 11, "percent_covered": 45.45454545454545, "percent_covered_display": "45", "missing_lines": 6, "excluded_lines": 0}, "missing_lines": [190, 191, 193, 194, 196, 197], "excluded_lines": []}, "_show_dry_run": {"executed_lines": [208, 210, 211, 214, 215, 216, 217, 218, 221, 223, 224, 225, 226, 230, 231, 233, 234, 235, 236, 238, 239, 240, 241, 242, 244, 246, 247], "summary": {"covered_lines": 27, "num_statements": 27, "percent_covered": 100.0, "percent_covered_display": "100", "missing_lines": 0, "excluded_lines": 0}, "missing_lines": [], "excluded_lines": []}, "": {"executed_lines": [3, 12, 13, 15, 17, 18, 19, 20, 21, 29, 32, 33, 40, 47, 53, 58, 59, 148, 182, 204], "summary": {"covered_lines": 19, "num_statements": 19, "percent_covered": 100.0, "percent_covered_display": "100", "missing_lines": 0, "excluded_lines": 0}, "missing_lines": [], "excluded_lines": []}}, "classes": {"": {"executed_lines": [3, 12, 13, 15, 17, 18, 19, 20, 21, 29, 32, 33, 40, 47, 53, 58, 59, 87, 89, 90, 91, 93, 94, 95, 98, 101, 102, 103, 106, 107, 108, 109, 112, 113, 114, 117, 118, 119, 120, 122, 125, 128, 129, 132, 134, 135, 136, 137, 138, 139, 140, 141, 142, 143, 144, 145, 148, 150, 152, 153, 155, 156, 157, 159, 160, 161, 163, 166, 167, 168, 169, 172, 173, 174, 176, 178, 179, 182, 184, 186, 187, 199, 201, 204, 208, 210, 211, 214, 215, 216, 217, 218, 221, 223, 224, 225, 226, 230, 231, 233, 234, 235, 236, 238, 239, 240, 241, 242, 244, 246, 247], "summary": {"covered_lines": 110, "num_statements": 116, "percent_covered": 94.82758620689656, "percent_covered_display": "95", "missing_lines": 6, "excluded_lines": 0}, "missing_lines": [190, 191, 193, 194, 196, 197], "excluded_lines": []}}}, "src/niamoto/cli/commands/gui.py": {"executed_lines": [1, 3, 4, 5, 6, 8, 11, 12, 13, 16, 17, 18, 24, 26, 27, 28, 29, 33, 35, 42, 43, 45, 48, 51, 53, 54, 55, 56, 59, 62, 63, 70, 71, 72, 73, 74], "summary": {"covered_lines": 35, "num_statements": 35, "percent_covered": 100.0, "percent_covered_display": "100", "missing_lines": 0, "excluded_lines": 0}, "missing_lines": [], "excluded_lines": [], "functions": {"gui": {"executed_lines": [24, 26, 27, 28, 29, 33, 35, 42, 43, 45, 48, 51, 53, 59, 62, 63, 70, 71, 72, 73, 74], "summary": {"covered_lines": 21, "num_statements": 21, "percent_covered": 100.0, "percent_covered_display": "100", "missing_lines": 0, "excluded_lines": 0}, "missing_lines": [], "excluded_lines": []}, "gui.open_browser": {"executed_lines": [54, 55, 56], "summary": {"covered_lines": 3, "num_statements": 3, "percent_covered": 100.0, "percent_covered_display": "100", "missing_lines": 0, "excluded_lines": 0}, "missing_lines": [], "excluded_lines": []}, "": {"executed_lines": [1, 3, 4, 5, 6, 8, 11, 12, 13, 16, 17, 18], "summary": {"covered_lines": 11, "num_statements": 11, "percent_covered": 100.0, "percent_covered_display": "100", "missing_lines": 0, "excluded_lines": 0}, "missing_lines": [], "excluded_lines": []}}, "classes": {"": {"executed_lines": [1, 3, 4, 5, 6, 8, 11, 12, 13, 16, 17, 18, 24, 26, 27, 28, 29, 33, 35, 42, 43, 45, 48, 51, 53, 54, 55, 56, 59, 62, 63, 70, 71, 72, 73, 74], "summary": {"covered_lines": 35, "num_statements": 35, "percent_covered": 100.0, "percent_covered_display": "100", "missing_lines": 0, "excluded_lines": 0}, "missing_lines": [], "excluded_lines": []}}}, "src/niamoto/cli/commands/imports.py": {"executed_lines": [1, 5, 7, 9, 10, 11, 12, 18, 22, 25, 26, 27, 28, 35, 36, 41, 42, 53, 55, 56, 58, 60, 61, 64, 67, 69, 70, 72, 73, 89, 90, 91, 96, 97, 108, 110, 112, 114, 115, 118, 122, 134, 137, 138, 140, 142, 143, 149, 150, 151, 156, 157, 168, 170, 172, 174, 175, 178, 191, 194, 195, 197, 206, 207, 208, 214, 215, 216, 218, 219, 220, 223, 224, 225, 226, 227, 228, 231, 232, 233, 234, 235, 236, 248, 249, 254, 255, 257], "summary": {"covered_lines": 87, "num_statements": 100, "percent_covered": 87.0, "percent_covered_display": "87", "missing_lines": 13, "excluded_lines": 0}, "missing_lines": [31, 32, 75, 76, 81, 82, 83, 179, 199, 200, 238, 239, 244], "excluded_lines": [], "functions": {"import_commands": {"executed_lines": [], "summary": {"covered_lines": 0, "num_statements": 2, "percent_covered": 0.0, "percent_covered_display": "0", "missing_lines": 2, "excluded_lines": 0}, "missing_lines": [31, 32], "excluded_lines": []}, "import_run": {"executed_lines": [53, 55, 56, 58, 60, 61, 64, 67, 69, 70, 72, 73], "summary": {"covered_lines": 12, "num_statements": 17, "percent_covered": 70.58823529411765, "percent_covered_display": "71", "missing_lines": 5, "excluded_lines": 0}, "missing_lines": [75, 76, 81, 82, 83], "excluded_lines": []}, "import_reference": {"executed_lines": [108, 110, 112, 114, 115, 118, 122, 134, 137, 138, 140, 142, 143], "summary": {"covered_lines": 13, "num_statements": 13, "percent_covered": 100.0, "percent_covered_display": "100", "missing_lines": 0, "excluded_lines": 0}, "missing_lines": [], "excluded_lines": []}, "import_dataset": {"executed_lines": [168, 170, 172, 174, 175, 178, 191, 194, 195, 197], "summary": {"covered_lines": 10, "num_statements": 13, "percent_covered": 76.92307692307692, "percent_covered_display": "77", "missing_lines": 3, "excluded_lines": 0}, "missing_lines": [179, 199, 200], "excluded_lines": []}, "import_list": {"executed_lines": [214, 215, 216, 218, 219, 220, 223, 224, 225, 226, 227, 228, 231, 232, 233, 234, 235, 236], "summary": {"covered_lines": 18, "num_statements": 21, "percent_covered": 85.71428571428571, "percent_covered_display": "86", "missing_lines": 3, "excluded_lines": 0}, "missing_lines": [238, 239, 244], "excluded_lines": []}, "import_all": {"executed_lines": [257], "summary": {"covered_lines": 1, "num_statements": 1, "percent_covered": 100.0, "percent_covered_display": "100", "missing_lines": 0, "excluded_lines": 0}, "missing_lines": [], "excluded_lines": []}, "": {"executed_lines": [1, 5, 7, 9, 10, 11, 12, 18, 22, 25, 26, 27, 28, 35, 36, 41, 42, 89, 90, 91, 96, 97, 149, 150, 151, 156, 157, 206, 207, 208, 248, 249, 254, 255], "summary": {"covered_lines": 33, "num_statements": 33, "percent_covered": 100.0, "percent_covered_display": "100", "missing_lines": 0, "excluded_lines": 0}, "missing_lines": [], "excluded_lines": []}}, "classes": {"": {"executed_lines": [1, 5, 7, 9, 10, 11, 12, 18, 22, 25, 26, 27, 28, 35, 36, 41, 42, 53, 55, 56, 58, 60, 61, 64, 67, 69, 70, 72, 73, 89, 90, 91, 96, 97, 108, 110, 112, 114, 115, 118, 122, 134, 137, 138, 140, 142, 143, 149, 150, 151, 156, 157, 168, 170, 172, 174, 175, 178, 191, 194, 195, 197, 206, 207, 208, 214, 215, 216, 218, 219, 220, 223, 224, 225, 226, 227, 228, 231, 232, 233, 234, 235, 236, 248, 249, 254, 255, 257], "summary": {"covered_lines": 87, "num_statements": 100, "percent_covered": 87.0, "percent_covered_display": "87", "missing_lines": 13, "excluded_lines": 0}, "missing_lines": [31, 32, 75, 76, 81, 82, 83, 179, 199, 200, 238, 239, 244], "excluded_lines": []}}}, "src/niamoto/cli/commands/initialize.py": {"executed_lines": [1, 6, 7, 8, 9, 11, 12, 13, 14, 15, 16, 19, 20, 21, 24, 29, 30, 31, 44, 46, 61, 62, 70, 71, 73, 75, 76, 77, 78, 80, 82, 83, 85, 88, 93, 97, 99, 100, 105, 112, 119, 122, 123, 130, 131, 132, 133, 134, 139, 140, 148, 149, 150, 151, 152, 153, 154, 160, 161, 179, 180, 187, 189, 193, 194, 197, 198, 204, 211, 212, 213, 216, 219, 220, 227, 228, 230, 231, 233, 241, 250, 251, 252, 255, 258], "summary": {"covered_lines": 84, "num_statements": 121, "percent_covered": 69.42148760330579, "percent_covered_display": "69", "missing_lines": 37, "excluded_lines": 0}, "missing_lines": [48, 49, 53, 56, 57, 58, 63, 67, 68, 79, 89, 90, 94, 95, 168, 169, 170, 171, 172, 173, 190, 191, 214, 234, 235, 237, 238, 253, 262, 264, 266, 268, 270, 273, 274, 275, 276], "excluded_lines": [], "functions": {"init_environment": {"executed_lines": [44, 46, 61, 62, 70, 71, 73, 75, 76, 77, 78, 80, 82, 83, 85, 88, 93, 97, 99, 100], "summary": {"covered_lines": 20, "num_statements": 34, "percent_covered": 58.8235294117647, "percent_covered_display": "59", "missing_lines": 14, "excluded_lines": 0}, "missing_lines": [48, 49, 53, 56, 57, 58, 63, 67, 68, 79, 89, 90, 94, 95], "excluded_lines": []}, "confirm_reset": {"executed_lines": [112, 119], "summary": {"covered_lines": 2, "num_statements": 2, "percent_covered": 100.0, "percent_covered_display": "100", "missing_lines": 0, "excluded_lines": 0}, "missing_lines": [], "excluded_lines": []}, "get_config_dir": {"executed_lines": [130, 131, 132, 133, 134], "summary": {"covered_lines": 5, "num_statements": 5, "percent_covered": 100.0, "percent_covered_display": "100", "missing_lines": 0, "excluded_lines": 0}, "missing_lines": [], "excluded_lines": []}, "initialize_environment": {"executed_lines": [148, 149, 150, 151, 152, 153, 154], "summary": {"covered_lines": 7, "num_statements": 7, "percent_covered": 100.0, "percent_covered_display": "100", "missing_lines": 0, "excluded_lines": 0}, "missing_lines": [], "excluded_lines": []}, "reset_environment": {"executed_lines": [], "summary": {"covered_lines": 0, "num_statements": 6, "percent_covered": 0.0, "percent_covered_display": "0", "missing_lines": 6, "excluded_lines": 0}, "missing_lines": [168, 169, 170, 171, 172, 173], "excluded_lines": []}, "display_environment_status": {"executed_lines": [187, 189, 193, 194], "summary": {"covered_lines": 4, "num_statements": 6, "percent_covered": 66.66666666666667, "percent_covered_display": "67", "missing_lines": 2, "excluded_lines": 0}, "missing_lines": [190, 191], "excluded_lines": []}, "check_config_files": {"executed_lines": [204, 211, 212, 213, 216], "summary": {"covered_lines": 5, "num_statements": 6, "percent_covered": 83.33333333333333, "percent_covered_display": "83", "missing_lines": 1, "excluded_lines": 0}, "missing_lines": [214], "excluded_lines": []}, "check_environment_details": {"executed_lines": [227, 228, 230, 231, 233], "summary": {"covered_lines": 5, "num_statements": 9, "percent_covered": 55.55555555555556, "percent_covered_display": "56", "missing_lines": 4, "excluded_lines": 0}, "missing_lines": [234, 235, 237, 238], "excluded_lines": []}, "check_path": {"executed_lines": [250, 251, 252, 255], "summary": {"covered_lines": 4, "num_statements": 5, "percent_covered": 80.0, "percent_covered_display": "80", "missing_lines": 1, "excluded_lines": 0}, "missing_lines": [253], "excluded_lines": []}, "launch_gui": {"executed_lines": [], "summary": {"covered_lines": 0, "num_statements": 9, "percent_covered": 0.0, "percent_covered_display": "0", "missing_lines": 9, "excluded_lines": 0}, "missing_lines": [262, 264, 266, 268, 270, 273, 274, 275, 276], "excluded_lines": []}, "": {"executed_lines": [1, 6, 7, 8, 9, 11, 12, 13, 14, 15, 16, 19, 20, 21, 24, 29, 30, 31, 105, 122, 123, 139, 140, 160, 161, 179, 180, 197, 198, 219, 220, 241, 258], "summary": {"covered_lines": 32, "num_statements": 32, "percent_covered": 100.0, "percent_covered_display": "100", "missing_lines": 0, "excluded_lines": 0}, "missing_lines": [], "excluded_lines": []}}, "classes": {"": {"executed_lines": [1, 6, 7, 8, 9, 11, 12, 13, 14, 15, 16, 19, 20, 21, 24, 29, 30, 31, 44, 46, 61, 62, 70, 71, 73, 75, 76, 77, 78, 80, 82, 83, 85, 88, 93, 97, 99, 100, 105, 112, 119, 122, 123, 130, 131, 132, 133, 134, 139, 140, 148, 149, 150, 151, 152, 153, 154, 160, 161, 179, 180, 187, 189, 193, 194, 197, 198, 204, 211, 212, 213, 216, 219, 220, 227, 228, 230, 231, 233, 241, 250, 251, 252, 255, 258], "summary": {"covered_lines": 84, "num_statements": 121, "percent_covered": 69.42148760330579, "percent_covered_display": "69", "missing_lines": 37, "excluded_lines": 0}, "missing_lines": [48, 49, 53, 56, 57, 58, 63, 67, 68, 79, 89, 90, 94, 95, 168, 169, 170, 171, 172, 173, 190, 191, 214, 234, 235, 237, 238, 253, 262, 264, 266, 268, 270, 273, 274, 275, 276], "excluded_lines": []}}}, "src/niamoto/cli/commands/optimize.py": {"executed_lines": [1, 5, 6, 7, 8, 10, 11, 13, 16, 17, 22, 27, 44, 45, 46, 47, 48, 49, 50, 52, 53, 54, 56, 58, 60, 63, 64, 67, 68, 70, 75, 76, 77, 80, 81, 82, 84, 85, 86, 87, 88, 90, 93, 95, 96, 98, 100, 101, 103, 105, 106, 108, 110, 111, 112, 115], "summary": {"covered_lines": 54, "num_statements": 54, "percent_covered": 100.0, "percent_covered_display": "100", "missing_lines": 0, "excluded_lines": 2}, "missing_lines": [], "excluded_lines": [115, 116], "functions": {"optimize_command": {"executed_lines": [44, 45, 46, 47, 48, 49, 50, 52, 53, 54, 56, 58, 60, 63, 64, 67, 68, 70, 75, 76, 77, 80, 81, 82, 84, 85, 86, 87, 88, 90, 93, 95, 96, 98, 100, 101, 103, 105, 106, 108, 110, 111, 112], "summary": {"covered_lines": 43, "num_statements": 43, "percent_covered": 100.0, "percent_covered_display": "100", "missing_lines": 0, "excluded_lines": 0}, "missing_lines": [], "excluded_lines": []}, "": {"executed_lines": [1, 5, 6, 7, 8, 10, 11, 13, 16, 17, 22, 27, 115], "summary": {"covered_lines": 11, "num_statements": 11, "percent_covered": 100.0, "percent_covered_display": "100", "missing_lines": 0, "excluded_lines": 2}, "missing_lines": [], "excluded_lines": [115, 116]}}, "classes": {"": {"executed_lines": [1, 5, 6, 7, 8, 10, 11, 13, 16, 17, 22, 27, 44, 45, 46, 47, 48, 49, 50, 52, 53, 54, 56, 58, 60, 63, 64, 67, 68, 70, 75, 76, 77, 80, 81, 82, 84, 85, 86, 87, 88, 90, 93, 95, 96, 98, 100, 101, 103, 105, 106, 108, 110, 111, 112, 115], "summary": {"covered_lines": 54, "num_statements": 54, "percent_covered": 100.0, "percent_covered_display": "100", "missing_lines": 0, "excluded_lines": 2}, "missing_lines": [], "excluded_lines": [115, 116]}}}, "src/niamoto/cli/commands/plugins.py": {"executed_lines": [1, 3, 4, 5, 6, 8, 9, 10, 11, 12, 13, 16, 17, 23, 30, 36, 45, 47, 49, 50, 53, 54, 55, 61, 64, 65, 66, 67, 70, 71, 72, 78, 80, 81, 84, 86, 87, 89, 92, 93, 94, 95, 96, 98, 99, 105, 106, 107, 110, 112, 115, 116, 117, 118, 119, 120, 121, 124, 126, 127, 128, 130, 136, 137, 138, 139, 147, 149, 151, 154, 157, 158, 159, 160, 161, 162, 164, 165, 167, 168, 169, 171, 173, 174, 175, 176, 177, 178, 181, 183, 185, 186, 187, 188, 190, 191, 192, 193], "summary": {"covered_lines": 97, "num_statements": 100, "percent_covered": 97.0, "percent_covered_display": "97", "missing_lines": 3, "excluded_lines": 0}, "missing_lines": [56, 57, 59], "excluded_lines": [], "functions": {"plugins": {"executed_lines": [45, 47, 49, 50, 53, 54, 55, 61, 64, 65, 66, 67, 70, 71, 72, 78, 80, 81, 84, 86, 87, 89, 92, 93, 94, 95, 96, 98, 99, 105, 106, 107], "summary": {"covered_lines": 32, "num_statements": 35, "percent_covered": 91.42857142857143, "percent_covered_display": "91", "missing_lines": 3, "excluded_lines": 0}, "missing_lines": [56, 57, 59], "excluded_lines": []}, "_display_table": {"executed_lines": [112, 115, 116, 117, 118, 119, 120, 121, 124, 126, 127, 128, 130, 136, 137, 138, 139, 147, 149, 151], "summary": {"covered_lines": 20, "num_statements": 20, "percent_covered": 100.0, "percent_covered_display": "100", "missing_lines": 0, "excluded_lines": 0}, "missing_lines": [], "excluded_lines": []}, "_display_simple": {"executed_lines": [157, 158, 159, 160, 161, 162, 164, 165, 167, 168, 169, 171, 173, 174, 175, 176, 177, 178], "summary": {"covered_lines": 18, "num_statements": 18, "percent_covered": 100.0, "percent_covered_display": "100", "missing_lines": 0, "excluded_lines": 0}, "missing_lines": [], "excluded_lines": []}, "_get_description": {"executed_lines": [183, 185, 186, 187, 188, 190, 191, 192, 193], "summary": {"covered_lines": 9, "num_statements": 9, "percent_covered": 100.0, "percent_covered_display": "100", "missing_lines": 0, "excluded_lines": 0}, "missing_lines": [], "excluded_lines": []}, "": {"executed_lines": [1, 3, 4, 5, 6, 8, 9, 10, 11, 12, 13, 16, 17, 23, 30, 36, 110, 154, 181], "summary": {"covered_lines": 18, "num_statements": 18, "percent_covered": 100.0, "percent_covered_display": "100", "missing_lines": 0, "excluded_lines": 0}, "missing_lines": [], "excluded_lines": []}}, "classes": {"": {"executed_lines": [1, 3, 4, 5, 6, 8, 9, 10, 11, 12, 13, 16, 17, 23, 30, 36, 45, 47, 49, 50, 53, 54, 55, 61, 64, 65, 66, 67, 70, 71, 72, 78, 80, 81, 84, 86, 87, 89, 92, 93, 94, 95, 96, 98, 99, 105, 106, 107, 110, 112, 115, 116, 117, 118, 119, 120, 121, 124, 126, 127, 128, 130, 136, 137, 138, 139, 147, 149, 151, 154, 157, 158, 159, 160, 161, 162, 164, 165, 167, 168, 169, 171, 173, 174, 175, 176, 177, 178, 181, 183, 185, 186, 187, 188, 190, 191, 192, 193], "summary": {"covered_lines": 97, "num_statements": 100, "percent_covered": 97.0, "percent_covered_display": "97", "missing_lines": 3, "excluded_lines": 0}, "missing_lines": [56, 57, 59], "excluded_lines": []}}}, "src/niamoto/cli/commands/run.py": {"executed_lines": [1, 5, 7, 9, 10, 11, 12, 13, 14, 17, 18, 23, 28, 33, 38, 43, 48, 53, 58, 59, 60, 95, 97, 99, 100, 103, 104, 110, 111, 112, 114, 116, 117, 118, 120, 123, 124, 125, 133, 136, 137, 138, 142, 144, 146, 147, 148], "summary": {"covered_lines": 46, "num_statements": 48, "percent_covered": 95.83333333333333, "percent_covered_display": "96", "missing_lines": 2, "excluded_lines": 0}, "missing_lines": [105, 108], "excluded_lines": [], "functions": {"run_pipeline": {"executed_lines": [95, 97, 99, 100, 103, 104, 110, 111, 112, 114, 116, 117, 118, 120, 123, 124, 125, 133, 136, 137, 138, 142, 144, 146, 147, 148], "summary": {"covered_lines": 26, "num_statements": 28, "percent_covered": 92.85714285714286, "percent_covered_display": "93", "missing_lines": 2, "excluded_lines": 0}, "missing_lines": [105, 108], "excluded_lines": []}, "": {"executed_lines": [1, 5, 7, 9, 10, 11, 12, 13, 14, 17, 18, 23, 28, 33, 38, 43, 48, 53, 58, 59, 60], "summary": {"covered_lines": 20, "num_statements": 20, "percent_covered": 100.0, "percent_covered_display": "100", "missing_lines": 0, "excluded_lines": 0}, "missing_lines": [], "excluded_lines": []}}, "classes": {"": {"executed_lines": [1, 5, 7, 9, 10, 11, 12, 13, 14, 17, 18, 23, 28, 33, 38, 43, 48, 53, 58, 59, 60, 95, 97, 99, 100, 103, 104, 110, 111, 112, 114, 116, 117, 118, 120, 123, 124, 125, 133, 136, 137, 138, 142, 144, 146, 147, 148], "summary": {"covered_lines": 46, "num_statements": 48, "percent_covered": 95.83333333333333, "percent_covered_display": "96", "missing_lines": 2, "excluded_lines": 0}, "missing_lines": [105, 108], "excluded_lines": []}}}, "src/niamoto/cli/commands/stats.py": {"executed_lines": [1, 5, 6, 8, 9, 10, 11, 13, 14, 15, 16, 17, 18, 20, 22, 24, 25, 29, 45, 47, 50, 51, 52, 54, 55, 57, 59, 60, 62, 64, 65, 75, 92, 93, 97, 98, 99, 100, 101, 107, 126, 127, 129, 136, 137, 138, 139, 142, 143, 144, 145, 148, 152, 155, 175, 178, 182, 185, 186, 187, 188, 189, 191, 194, 216, 217, 219, 224, 234, 240, 243, 263, 264, 268, 269, 270, 271, 272, 274, 277, 278, 279, 281, 287, 288, 289, 290, 291, 292, 300, 301, 306, 311, 316, 321, 322, 336, 337, 338, 340, 341, 342, 344, 345, 348, 349, 350, 352, 353, 356, 357, 358, 361, 362, 364, 365, 366, 367, 368, 369, 377, 382, 383, 384, 388, 389, 392, 395, 397, 402, 405, 406, 407, 408, 410, 411, 412, 415, 416, 418, 419, 420, 421, 422, 423, 424, 427, 428, 429, 430, 432, 433, 434, 435, 436, 438, 439, 440, 441, 444, 447, 448, 449, 450, 451, 452, 453, 454, 457, 460, 461, 462, 463, 466, 473, 474, 475, 476, 480, 481, 482, 487, 488, 489, 490, 493, 500, 501, 502, 503, 508, 509, 510, 514, 516, 523, 524, 525, 526, 533, 534, 535, 544, 546, 554, 556, 557, 558, 559, 560, 561, 568, 569, 570, 578, 581, 586, 587, 590, 592, 593, 594, 596, 598, 602, 603, 604, 605, 607, 608, 610, 611, 614, 617, 622, 625, 627, 630, 636, 637, 639, 642, 646, 647, 649, 650, 653, 654, 655, 657, 660, 661, 667, 668, 670, 671, 673, 676, 677, 678, 684, 685, 687, 688, 690, 692, 693, 694, 695, 697, 698, 699, 700, 701, 702, 705, 707, 709, 715, 716, 718, 719, 727, 729, 731, 732, 733, 735, 737, 738, 744, 745, 747, 748, 750, 753, 754, 760, 761, 763, 764, 766, 769, 785, 788, 789, 790, 794, 795, 799, 800, 801, 803, 804, 805, 806, 807, 809, 810, 811, 816, 823, 824, 832, 839, 840, 846, 858, 859, 860, 861, 867, 868, 869, 873, 876, 877, 878, 879, 880, 881, 882, 885, 886, 891, 892, 893, 894, 895, 896, 897, 898, 901, 902, 904, 906, 908, 909, 910, 911, 920, 921, 922, 923, 931, 932, 935, 938, 939, 941, 942, 945, 950, 952, 953, 955, 957, 959, 960, 961, 963, 965, 967, 968, 970, 971, 973, 974, 975, 977, 978, 979, 980, 981, 982, 983, 984, 986, 988, 996, 999, 1000, 1001, 1002, 1003, 1006, 1037, 1050, 1053, 1054, 1058, 1059, 1063, 1064, 1065, 1066, 1067, 1073, 1076], "summary": {"covered_lines": 418, "num_statements": 491, "percent_covered": 85.13238289205702, "percent_covered_display": "85", "missing_lines": 73, "excluded_lines": 0}, "missing_lines": [48, 56, 58, 61, 67, 94, 104, 130, 131, 132, 133, 146, 150, 179, 180, 265, 275, 385, 386, 442, 443, 455, 456, 483, 484, 511, 512, 541, 542, 575, 576, 599, 600, 619, 620, 770, 776, 777, 779, 780, 782, 796, 797, 883, 884, 899, 900, 1008, 1010, 1011, 1012, 1013, 1014, 1016, 1017, 1018, 1019, 1021, 1022, 1023, 1024, 1025, 1026, 1027, 1028, 1029, 1030, 1031, 1032, 1034, 1055, 1060, 1070], "excluded_lines": [], "functions": {"_quote_identifier": {"executed_lines": [47, 50, 51, 52, 54, 55, 57, 59, 60, 62, 64, 65], "summary": {"covered_lines": 12, "num_statements": 17, "percent_covered": 70.58823529411765, "percent_covered_display": "71", "missing_lines": 5, "excluded_lines": 0}, "missing_lines": [48, 56, 58, 61, 67], "excluded_lines": []}, "_find_entity_by_role": {"executed_lines": [92, 93, 97, 98, 99, 100, 101], "summary": {"covered_lines": 7, "num_statements": 9, "percent_covered": 77.77777777777777, "percent_covered_display": "78", "missing_lines": 2, "excluded_lines": 0}, "missing_lines": [94, 104], "excluded_lines": []}, "_find_column_by_role": {"executed_lines": [126, 127, 129, 136, 137, 138, 139, 142, 143, 144, 145, 148, 152], "summary": {"covered_lines": 13, "num_statements": 19, "percent_covered": 68.42105263157895, "percent_covered_display": "68", "missing_lines": 6, "excluded_lines": 0}, "missing_lines": [130, 131, 132, 133, 146, 150], "excluded_lines": []}, "_get_entity_for_group": {"executed_lines": [175, 178, 182, 185, 186, 187, 188, 189, 191], "summary": {"covered_lines": 9, "num_statements": 11, "percent_covered": 81.81818181818181, "percent_covered_display": "82", "missing_lines": 2, "excluded_lines": 0}, "missing_lines": [179, 180], "excluded_lines": []}, "_detect_generated_tables": {"executed_lines": [216, 217, 219, 224, 234, 240], "summary": {"covered_lines": 6, "num_statements": 6, "percent_covered": 100.0, "percent_covered_display": "100", "missing_lines": 0, "excluded_lines": 0}, "missing_lines": [], "excluded_lines": []}, "_add_distribution_stats": {"executed_lines": [263, 264, 268, 269, 270, 271, 272, 274, 277, 278, 279, 281, 287, 288, 289, 290, 291, 292], "summary": {"covered_lines": 18, "num_statements": 20, "percent_covered": 90.0, "percent_covered_display": "90", "missing_lines": 2, "excluded_lines": 0}, "missing_lines": [265, 275], "excluded_lines": []}, "stats_command": {"executed_lines": [336, 337, 338, 340, 341, 342, 344, 345, 348, 349, 350, 352, 353, 356, 357, 358, 361, 362, 364, 365, 366, 367, 368, 369], "summary": {"covered_lines": 24, "num_statements": 24, "percent_covered": 100.0, "percent_covered_display": "100", "missing_lines": 0, "excluded_lines": 0}, "missing_lines": [], "excluded_lines": []}, "get_general_statistics": {"executed_lines": [382, 383, 384, 388, 389, 392, 395, 397, 402, 405, 406, 407, 408, 410, 411, 412, 415, 416, 418, 419, 420, 421, 422, 423, 424, 427, 428, 429, 430, 432, 433, 434, 435, 436, 438, 439, 440, 441, 444, 447, 448, 449, 450, 451, 452, 453, 454, 457, 460, 461, 462, 463, 466, 473, 474, 475, 476, 480, 481, 482, 487, 488, 489, 490, 493, 500, 501, 502, 503, 508, 509, 510, 514, 516, 523, 524, 525, 526, 533, 534, 535, 544, 546, 554, 556, 557, 558, 559, 560, 561, 568, 569, 570, 578], "summary": {"covered_lines": 94, "num_statements": 108, "percent_covered": 87.03703703703704, "percent_covered_display": "87", "missing_lines": 14, "excluded_lines": 0}, "missing_lines": [385, 386, 442, 443, 455, 456, 483, 484, 511, 512, 541, 542, 575, 576], "excluded_lines": []}, "get_group_statistics": {"executed_lines": [586, 587, 590, 592, 593, 594, 596, 598, 602, 603, 604, 605, 607, 608, 610, 611, 614, 617, 622], "summary": {"covered_lines": 19, "num_statements": 23, "percent_covered": 82.6086956521739, "percent_covered_display": "83", "missing_lines": 4, "excluded_lines": 0}, "missing_lines": [599, 600, 619, 620], "excluded_lines": []}, "display_general_statistics": {"executed_lines": [627, 630, 636, 637, 639, 642, 646, 647, 649, 650, 653, 654, 655, 657, 660, 661, 667, 668, 670, 671, 673, 676, 677, 678, 684, 685, 687, 688, 690, 692, 693, 694, 695, 697, 698, 699, 700, 701, 702], "summary": {"covered_lines": 39, "num_statements": 39, "percent_covered": 100.0, "percent_covered_display": "100", "missing_lines": 0, "excluded_lines": 0}, "missing_lines": [], "excluded_lines": []}, "display_group_statistics": {"executed_lines": [707, 709, 715, 716, 718, 719, 727, 729, 731, 732, 733, 735, 737, 738, 744, 745, 747, 748, 750, 753, 754, 760, 761, 763, 764, 766, 769], "summary": {"covered_lines": 27, "num_statements": 33, "percent_covered": 81.81818181818181, "percent_covered_display": "82", "missing_lines": 6, "excluded_lines": 0}, "missing_lines": [770, 776, 777, 779, 780, 782], "excluded_lines": []}, "show_data_exploration_suggestions": {"executed_lines": [788, 789, 790, 794, 795, 799, 800, 801, 803, 804, 805, 806, 807, 809, 810, 811, 816, 823, 824, 832, 839, 840, 846, 858, 859, 860, 861, 867, 868, 869, 873, 876, 877, 878, 879, 880, 881, 882, 885, 886, 891, 892, 893, 894, 895, 896, 897, 898, 901, 902, 904, 906, 908, 909, 910, 911, 920, 921, 922, 923, 931, 932, 935, 938, 939, 941, 942, 945], "summary": {"covered_lines": 68, "num_statements": 74, "percent_covered": 91.89189189189189, "percent_covered_display": "92", "missing_lines": 6, "excluded_lines": 0}, "missing_lines": [796, 797, 883, 884, 899, 900], "excluded_lines": []}, "export_statistics": {"executed_lines": [952, 953, 955, 957, 959, 960, 961, 963, 965, 967, 968, 970, 971, 973, 974, 975, 977, 978, 979, 980, 981, 982, 983, 984, 986, 988], "summary": {"covered_lines": 26, "num_statements": 26, "percent_covered": 100.0, "percent_covered_display": "100", "missing_lines": 0, "excluded_lines": 0}, "missing_lines": [], "excluded_lines": []}, "_list_tables": {"executed_lines": [999, 1000, 1001, 1002, 1003], "summary": {"covered_lines": 5, "num_statements": 5, "percent_covered": 100.0, "percent_covered_display": "100", "missing_lines": 0, "excluded_lines": 0}, "missing_lines": [], "excluded_lines": []}, "_resolve_table_name": {"executed_lines": [], "summary": {"covered_lines": 0, "num_statements": 23, "percent_covered": 0.0, "percent_covered_display": "0", "missing_lines": 23, "excluded_lines": 0}, "missing_lines": [1008, 1010, 1011, 1012, 1013, 1014, 1016, 1017, 1018, 1019, 1021, 1022, 1023, 1024, 1025, 1026, 1027, 1028, 1029, 1030, 1031, 1032, 1034], "excluded_lines": []}, "_pick_occurrence_entity": {"executed_lines": [1050, 1053, 1054, 1058, 1059, 1063, 1064, 1065, 1066, 1067], "summary": {"covered_lines": 10, "num_statements": 13, "percent_covered": 76.92307692307692, "percent_covered_display": "77", "missing_lines": 3, "excluded_lines": 0}, "missing_lines": [1055, 1060, 1070], "excluded_lines": []}, "_format_entity_label": {"executed_lines": [1076], "summary": {"covered_lines": 1, "num_statements": 1, "percent_covered": 100.0, "percent_covered_display": "100", "missing_lines": 0, "excluded_lines": 0}, "missing_lines": [], "excluded_lines": []}, "": {"executed_lines": [1, 5, 6, 8, 9, 10, 11, 13, 14, 15, 16, 17, 18, 20, 22, 24, 25, 29, 45, 75, 107, 155, 194, 243, 300, 301, 306, 311, 316, 321, 322, 377, 581, 625, 705, 785, 950, 996, 1006, 1037, 1073], "summary": {"covered_lines": 40, "num_statements": 40, "percent_covered": 100.0, "percent_covered_display": "100", "missing_lines": 0, "excluded_lines": 0}, "missing_lines": [], "excluded_lines": []}}, "classes": {"": {"executed_lines": [1, 5, 6, 8, 9, 10, 11, 13, 14, 15, 16, 17, 18, 20, 22, 24, 25, 29, 45, 47, 50, 51, 52, 54, 55, 57, 59, 60, 62, 64, 65, 75, 92, 93, 97, 98, 99, 100, 101, 107, 126, 127, 129, 136, 137, 138, 139, 142, 143, 144, 145, 148, 152, 155, 175, 178, 182, 185, 186, 187, 188, 189, 191, 194, 216, 217, 219, 224, 234, 240, 243, 263, 264, 268, 269, 270, 271, 272, 274, 277, 278, 279, 281, 287, 288, 289, 290, 291, 292, 300, 301, 306, 311, 316, 321, 322, 336, 337, 338, 340, 341, 342, 344, 345, 348, 349, 350, 352, 353, 356, 357, 358, 361, 362, 364, 365, 366, 367, 368, 369, 377, 382, 383, 384, 388, 389, 392, 395, 397, 402, 405, 406, 407, 408, 410, 411, 412, 415, 416, 418, 419, 420, 421, 422, 423, 424, 427, 428, 429, 430, 432, 433, 434, 435, 436, 438, 439, 440, 441, 444, 447, 448, 449, 450, 451, 452, 453, 454, 457, 460, 461, 462, 463, 466, 473, 474, 475, 476, 480, 481, 482, 487, 488, 489, 490, 493, 500, 501, 502, 503, 508, 509, 510, 514, 516, 523, 524, 525, 526, 533, 534, 535, 544, 546, 554, 556, 557, 558, 559, 560, 561, 568, 569, 570, 578, 581, 586, 587, 590, 592, 593, 594, 596, 598, 602, 603, 604, 605, 607, 608, 610, 611, 614, 617, 622, 625, 627, 630, 636, 637, 639, 642, 646, 647, 649, 650, 653, 654, 655, 657, 660, 661, 667, 668, 670, 671, 673, 676, 677, 678, 684, 685, 687, 688, 690, 692, 693, 694, 695, 697, 698, 699, 700, 701, 702, 705, 707, 709, 715, 716, 718, 719, 727, 729, 731, 732, 733, 735, 737, 738, 744, 745, 747, 748, 750, 753, 754, 760, 761, 763, 764, 766, 769, 785, 788, 789, 790, 794, 795, 799, 800, 801, 803, 804, 805, 806, 807, 809, 810, 811, 816, 823, 824, 832, 839, 840, 846, 858, 859, 860, 861, 867, 868, 869, 873, 876, 877, 878, 879, 880, 881, 882, 885, 886, 891, 892, 893, 894, 895, 896, 897, 898, 901, 902, 904, 906, 908, 909, 910, 911, 920, 921, 922, 923, 931, 932, 935, 938, 939, 941, 942, 945, 950, 952, 953, 955, 957, 959, 960, 961, 963, 965, 967, 968, 970, 971, 973, 974, 975, 977, 978, 979, 980, 981, 982, 983, 984, 986, 988, 996, 999, 1000, 1001, 1002, 1003, 1006, 1037, 1050, 1053, 1054, 1058, 1059, 1063, 1064, 1065, 1066, 1067, 1073, 1076], "summary": {"covered_lines": 418, "num_statements": 491, "percent_covered": 85.13238289205702, "percent_covered_display": "85", "missing_lines": 73, "excluded_lines": 0}, "missing_lines": [48, 56, 58, 61, 67, 94, 104, 130, 131, 132, 133, 146, 150, 179, 180, 265, 275, 385, 386, 442, 443, 455, 456, 483, 484, 511, 512, 541, 542, 575, 576, 599, 600, 619, 620, 770, 776, 777, 779, 780, 782, 796, 797, 883, 884, 899, 900, 1008, 1010, 1011, 1012, 1013, 1014, 1016, 1017, 1018, 1019, 1021, 1022, 1023, 1024, 1025, 1026, 1027, 1028, 1029, 1030, 1031, 1032, 1034, 1055, 1060, 1070], "excluded_lines": []}}}, "src/niamoto/cli/commands/transform.py": {"executed_lines": [1, 5, 6, 8, 10, 11, 16, 17, 18, 26, 29, 30, 35, 40, 45, 46, 47, 66, 67, 70, 71, 72, 74, 75, 76, 78, 79, 80, 82, 83, 84, 85, 86, 87, 88, 89, 91, 92, 93, 94, 95, 97, 98, 101, 102, 107, 112, 117, 123, 124, 139, 140, 149, 152, 153, 155, 156, 158, 161, 162, 164, 167, 172, 175, 176, 180, 181, 184, 185, 190, 191, 197, 198, 199, 201, 205, 206, 207, 208, 209, 212, 213, 214, 215, 217, 218, 219, 220, 221, 223, 224], "summary": {"covered_lines": 90, "num_statements": 96, "percent_covered": 93.75, "percent_covered_display": "94", "missing_lines": 6, "excluded_lines": 0}, "missing_lines": [150, 173, 174, 178, 202, 203], "excluded_lines": [], "functions": {"transform_commands": {"executed_lines": [66, 67], "summary": {"covered_lines": 2, "num_statements": 2, "percent_covered": 100.0, "percent_covered_display": "100", "missing_lines": 0, "excluded_lines": 0}, "missing_lines": [], "excluded_lines": []}, "list_configurations": {"executed_lines": [74, 75, 76, 78, 79, 80, 82, 83, 84, 85, 86, 87, 88, 89, 91, 92, 93, 94, 95, 97, 98], "summary": {"covered_lines": 21, "num_statements": 21, "percent_covered": 100.0, "percent_covered_display": "100", "missing_lines": 0, "excluded_lines": 0}, "missing_lines": [], "excluded_lines": []}, "process_transformations": {"executed_lines": [139, 140, 149, 152, 153, 155, 156, 158, 161, 162, 164, 167, 172, 175, 176, 180, 181], "summary": {"covered_lines": 17, "num_statements": 21, "percent_covered": 80.95238095238095, "percent_covered_display": "81", "missing_lines": 4, "excluded_lines": 0}, "missing_lines": [150, 173, 174, 178], "excluded_lines": []}, "check_configuration": {"executed_lines": [197, 198, 199, 201, 205, 206, 207, 208, 209, 212, 213, 214, 215, 217, 218, 219, 220, 221, 223, 224], "summary": {"covered_lines": 20, "num_statements": 22, "percent_covered": 90.9090909090909, "percent_covered_display": "91", "missing_lines": 2, "excluded_lines": 0}, "missing_lines": [202, 203], "excluded_lines": []}, "": {"executed_lines": [1, 5, 6, 8, 10, 11, 16, 17, 18, 26, 29, 30, 35, 40, 45, 46, 47, 70, 71, 72, 101, 102, 107, 112, 117, 123, 124, 184, 185, 190, 191], "summary": {"covered_lines": 30, "num_statements": 30, "percent_covered": 100.0, "percent_covered_display": "100", "missing_lines": 0, "excluded_lines": 0}, "missing_lines": [], "excluded_lines": []}}, "classes": {"": {"executed_lines": [1, 5, 6, 8, 10, 11, 16, 17, 18, 26, 29, 30, 35, 40, 45, 46, 47, 66, 67, 70, 71, 72, 74, 75, 76, 78, 79, 80, 82, 83, 84, 85, 86, 87, 88, 89, 91, 92, 93, 94, 95, 97, 98, 101, 102, 107, 112, 117, 123, 124, 139, 140, 149, 152, 153, 155, 156, 158, 161, 162, 164, 167, 172, 175, 176, 180, 181, 184, 185, 190, 191, 197, 198, 199, 201, 205, 206, 207, 208, 209, 212, 213, 214, 215, 217, 218, 219, 220, 221, 223, 224], "summary": {"covered_lines": 90, "num_statements": 96, "percent_covered": 93.75, "percent_covered_display": "94", "missing_lines": 6, "excluded_lines": 0}, "missing_lines": [150, 173, 174, 178, 202, 203], "excluded_lines": []}}}, "src/niamoto/cli/utils/console.py": {"executed_lines": [1, 6, 7, 8, 9, 11, 15, 18, 19, 21, 25, 33, 37, 40, 43, 44, 45, 46, 48, 49, 52, 55, 56, 57, 58, 60, 61, 64, 67, 68, 69, 70, 72, 73, 76, 79, 80, 82, 83, 85, 86, 89, 91, 92, 95, 97, 98, 101, 103, 104, 107, 109, 110, 113, 115, 116, 119, 121, 122, 123, 124, 125, 128, 130, 131, 134, 136, 137, 138, 139, 140, 141, 143, 144, 145, 147, 148, 151, 153, 154, 155, 156, 157, 159, 162, 164, 165, 166, 168, 189, 192, 194, 196, 202, 203, 204, 205, 206, 209, 210, 212, 214, 215, 218, 220, 223, 227, 228, 229, 230, 231, 232, 234, 235, 236, 237, 240, 242, 243, 248, 252, 253, 255, 257, 258, 259, 260, 262, 263, 266, 273, 276, 278, 279, 281, 283, 284, 285, 287, 288, 290, 291, 296, 299, 303, 304, 305, 306, 309, 311, 314, 316, 317, 318, 319, 320, 321, 324, 326, 329, 331, 333, 336, 337, 338, 341, 342, 345], "summary": {"covered_lines": 167, "num_statements": 175, "percent_covered": 95.42857142857143, "percent_covered_display": "95", "missing_lines": 8, "excluded_lines": 0}, "missing_lines": [20, 22, 27, 29, 30, 31, 32, 213], "excluded_lines": [], "functions": {"_should_use_emojis": {"executed_lines": [18, 19, 21, 25, 33], "summary": {"covered_lines": 5, "num_statements": 12, "percent_covered": 41.666666666666664, "percent_covered_display": "42", "missing_lines": 7, "excluded_lines": 0}, "missing_lines": [20, 22, 27, 29, 30, 31, 32], "excluded_lines": []}, "print_success": {"executed_lines": [43, 44, 45, 46, 48, 49], "summary": {"covered_lines": 6, "num_statements": 6, "percent_covered": 100.0, "percent_covered_display": "100", "missing_lines": 0, "excluded_lines": 0}, "missing_lines": [], "excluded_lines": []}, "print_error": {"executed_lines": [55, 56, 57, 58, 60, 61], "summary": {"covered_lines": 6, "num_statements": 6, "percent_covered": 100.0, "percent_covered_display": "100", "missing_lines": 0, "excluded_lines": 0}, "missing_lines": [], "excluded_lines": []}, "print_warning": {"executed_lines": [67, 68, 69, 70, 72, 73], "summary": {"covered_lines": 6, "num_statements": 6, "percent_covered": 100.0, "percent_covered_display": "100", "missing_lines": 0, "excluded_lines": 0}, "missing_lines": [], "excluded_lines": []}, "print_info": {"executed_lines": [79, 80, 82, 83, 85, 86], "summary": {"covered_lines": 6, "num_statements": 6, "percent_covered": 100.0, "percent_covered_display": "100", "missing_lines": 0, "excluded_lines": 0}, "missing_lines": [], "excluded_lines": []}, "print_start": {"executed_lines": [91, 92], "summary": {"covered_lines": 2, "num_statements": 2, "percent_covered": 100.0, "percent_covered_display": "100", "missing_lines": 0, "excluded_lines": 0}, "missing_lines": [], "excluded_lines": []}, "print_processing": {"executed_lines": [97, 98], "summary": {"covered_lines": 2, "num_statements": 2, "percent_covered": 100.0, "percent_covered_display": "100", "missing_lines": 0, "excluded_lines": 0}, "missing_lines": [], "excluded_lines": []}, "print_section": {"executed_lines": [103, 104], "summary": {"covered_lines": 2, "num_statements": 2, "percent_covered": 100.0, "percent_covered_display": "100", "missing_lines": 0, "excluded_lines": 0}, "missing_lines": [], "excluded_lines": []}, "print_summary_header": {"executed_lines": [109, 110], "summary": {"covered_lines": 2, "num_statements": 2, "percent_covered": 100.0, "percent_covered_display": "100", "missing_lines": 0, "excluded_lines": 0}, "missing_lines": [], "excluded_lines": []}, "print_operation_start": {"executed_lines": [115, 116], "summary": {"covered_lines": 2, "num_statements": 2, "percent_covered": 100.0, "percent_covered_display": "100", "missing_lines": 0, "excluded_lines": 0}, "missing_lines": [], "excluded_lines": []}, "print_operation_complete": {"executed_lines": [121, 122, 123, 124, 125], "summary": {"covered_lines": 5, "num_statements": 5, "percent_covered": 100.0, "percent_covered_display": "100", "missing_lines": 0, "excluded_lines": 0}, "missing_lines": [], "excluded_lines": []}, "print_files_processed": {"executed_lines": [130, 131], "summary": {"covered_lines": 2, "num_statements": 2, "percent_covered": 100.0, "percent_covered_display": "100", "missing_lines": 0, "excluded_lines": 0}, "missing_lines": [], "excluded_lines": []}, "print_duration": {"executed_lines": [136, 137, 138, 139, 140, 141, 143, 144, 145, 147, 148], "summary": {"covered_lines": 11, "num_statements": 11, "percent_covered": 100.0, "percent_covered_display": "100", "missing_lines": 0, "excluded_lines": 0}, "missing_lines": [], "excluded_lines": []}, "print_stats": {"executed_lines": [153, 154, 155, 156, 157, 159], "summary": {"covered_lines": 6, "num_statements": 6, "percent_covered": 100.0, "percent_covered_display": "100", "missing_lines": 0, "excluded_lines": 0}, "missing_lines": [], "excluded_lines": []}, "print_metrics_summary": {"executed_lines": [164, 165, 166, 168, 189], "summary": {"covered_lines": 5, "num_statements": 5, "percent_covered": 100.0, "percent_covered_display": "100", "missing_lines": 0, "excluded_lines": 0}, "missing_lines": [], "excluded_lines": []}, "print_operation_metrics": {"executed_lines": [194, 196, 202, 203, 204, 205, 206, 209, 210, 212, 214, 215], "summary": {"covered_lines": 12, "num_statements": 13, "percent_covered": 92.3076923076923, "percent_covered_display": "92", "missing_lines": 1, "excluded_lines": 0}, "missing_lines": [213], "excluded_lines": []}, "print_step_header": {"executed_lines": [220], "summary": {"covered_lines": 1, "num_statements": 1, "percent_covered": 100.0, "percent_covered_display": "100", "missing_lines": 0, "excluded_lines": 0}, "missing_lines": [], "excluded_lines": []}, "print_step_complete": {"executed_lines": [227, 228, 229, 230, 231, 232, 234, 235, 236, 237], "summary": {"covered_lines": 10, "num_statements": 10, "percent_covered": 100.0, "percent_covered_display": "100", "missing_lines": 0, "excluded_lines": 0}, "missing_lines": [], "excluded_lines": []}, "print_step_progress": {"executed_lines": [242, 243], "summary": {"covered_lines": 2, "num_statements": 2, "percent_covered": 100.0, "percent_covered_display": "100", "missing_lines": 0, "excluded_lines": 0}, "missing_lines": [], "excluded_lines": []}, "print_linking_status": {"executed_lines": [252, 253, 255, 257, 258, 259, 260, 262, 263, 266, 273], "summary": {"covered_lines": 11, "num_statements": 11, "percent_covered": 100.0, "percent_covered_display": "100", "missing_lines": 0, "excluded_lines": 0}, "missing_lines": [], "excluded_lines": []}, "print_unlinked_samples": {"executed_lines": [278, 279, 281, 283, 284, 285, 287, 288, 290, 291, 296], "summary": {"covered_lines": 11, "num_statements": 11, "percent_covered": 100.0, "percent_covered_display": "100", "missing_lines": 0, "excluded_lines": 0}, "missing_lines": [], "excluded_lines": []}, "print_import_result": {"executed_lines": [303, 304, 305, 306], "summary": {"covered_lines": 4, "num_statements": 4, "percent_covered": 100.0, "percent_covered_display": "100", "missing_lines": 0, "excluded_lines": 0}, "missing_lines": [], "excluded_lines": []}, "print_file_processed": {"executed_lines": [311], "summary": {"covered_lines": 1, "num_statements": 1, "percent_covered": 100.0, "percent_covered_display": "100", "missing_lines": 0, "excluded_lines": 0}, "missing_lines": [], "excluded_lines": []}, "format_file_size": {"executed_lines": [316, 317, 318, 319, 320, 321], "summary": {"covered_lines": 6, "num_statements": 6, "percent_covered": 100.0, "percent_covered_display": "100", "missing_lines": 0, "excluded_lines": 0}, "missing_lines": [], "excluded_lines": []}, "format_number": {"executed_lines": [326], "summary": {"covered_lines": 1, "num_statements": 1, "percent_covered": 100.0, "percent_covered_display": "100", "missing_lines": 0, "excluded_lines": 0}, "missing_lines": [], "excluded_lines": []}, "print_table": {"executed_lines": [331, 333, 336, 337, 338, 341, 342, 345], "summary": {"covered_lines": 8, "num_statements": 8, "percent_covered": 100.0, "percent_covered_display": "100", "missing_lines": 0, "excluded_lines": 0}, "missing_lines": [], "excluded_lines": []}, "": {"executed_lines": [1, 6, 7, 8, 9, 11, 15, 37, 40, 52, 64, 76, 89, 95, 101, 107, 113, 119, 128, 134, 151, 162, 192, 218, 223, 240, 248, 276, 299, 309, 314, 324, 329], "summary": {"covered_lines": 32, "num_statements": 32, "percent_covered": 100.0, "percent_covered_display": "100", "missing_lines": 0, "excluded_lines": 0}, "missing_lines": [], "excluded_lines": []}}, "classes": {"": {"executed_lines": [1, 6, 7, 8, 9, 11, 15, 18, 19, 21, 25, 33, 37, 40, 43, 44, 45, 46, 48, 49, 52, 55, 56, 57, 58, 60, 61, 64, 67, 68, 69, 70, 72, 73, 76, 79, 80, 82, 83, 85, 86, 89, 91, 92, 95, 97, 98, 101, 103, 104, 107, 109, 110, 113, 115, 116, 119, 121, 122, 123, 124, 125, 128, 130, 131, 134, 136, 137, 138, 139, 140, 141, 143, 144, 145, 147, 148, 151, 153, 154, 155, 156, 157, 159, 162, 164, 165, 166, 168, 189, 192, 194, 196, 202, 203, 204, 205, 206, 209, 210, 212, 214, 215, 218, 220, 223, 227, 228, 229, 230, 231, 232, 234, 235, 236, 237, 240, 242, 243, 248, 252, 253, 255, 257, 258, 259, 260, 262, 263, 266, 273, 276, 278, 279, 281, 283, 284, 285, 287, 288, 290, 291, 296, 299, 303, 304, 305, 306, 309, 311, 314, 316, 317, 318, 319, 320, 321, 324, 326, 329, 331, 333, 336, 337, 338, 341, 342, 345], "summary": {"covered_lines": 167, "num_statements": 175, "percent_covered": 95.42857142857143, "percent_covered_display": "95", "missing_lines": 8, "excluded_lines": 0}, "missing_lines": [20, 22, 27, 29, 30, 31, 32, 213], "excluded_lines": []}}}, "src/niamoto/cli/utils/metrics.py": {"executed_lines": [1, 6, 7, 8, 9, 12, 13, 14, 16, 17, 18, 19, 20, 21, 23, 25, 27, 29, 30, 32, 34, 36, 38, 40, 42, 44, 46, 47, 49, 50, 52, 54, 65, 66, 68, 69, 73, 76, 113, 114, 115, 116, 118, 119, 120, 121, 124, 126, 131, 132, 133, 134, 135, 138, 140, 145, 146, 147, 148, 149, 151, 153, 154, 156, 158, 159, 160, 161, 163, 164, 165, 168, 169, 170, 172, 173, 174, 176, 177, 179, 180, 183, 184, 185, 186, 188, 189, 190, 192, 194, 195, 197, 199, 200, 201, 202, 204, 205, 206, 207, 210, 211, 214, 217, 219, 220, 222, 224, 225, 226, 228, 229, 230, 231, 235, 236, 237, 239, 241, 244, 247, 248, 249, 250, 252, 253, 254, 256, 259, 260, 262, 263, 265, 267, 268, 269, 270, 271, 272, 274, 275, 276, 278, 279, 281, 282, 283, 284, 285, 286, 288, 289, 291, 293, 294, 296, 299, 304, 307, 308, 309, 310, 311, 312, 313, 314, 315, 317, 318, 323, 324, 325, 326, 329, 330, 331, 332, 333, 336, 339, 348, 349, 350, 355, 356, 357, 360, 365, 366, 371, 374, 375, 376, 377, 379, 381, 382, 384, 387, 392, 395, 396, 397, 398, 399, 400, 401, 402, 403, 404, 406, 408, 409, 410, 411, 416, 417, 418, 421, 425, 429, 432, 433, 434, 435, 437, 439, 440, 442, 445, 450, 453, 454, 455, 456, 457, 458, 459, 460, 461, 462, 464, 466, 467, 468, 470, 471, 476, 477, 478, 483, 488, 491, 495], "summary": {"covered_lines": 250, "num_statements": 255, "percent_covered": 98.03921568627452, "percent_covered_display": "98", "missing_lines": 5, "excluded_lines": 0}, "missing_lines": [232, 233, 343, 405, 463], "excluded_lines": [], "functions": {"OperationMetrics.add_metric": {"executed_lines": [25], "summary": {"covered_lines": 1, "num_statements": 1, "percent_covered": 100.0, "percent_covered_display": "100", "missing_lines": 0, "excluded_lines": 0}, "missing_lines": [], "excluded_lines": []}, "OperationMetrics.add_count": {"executed_lines": [29, 30, 32], "summary": {"covered_lines": 3, "num_statements": 3, "percent_covered": 100.0, "percent_covered_display": "100", "missing_lines": 0, "excluded_lines": 0}, "missing_lines": [], "excluded_lines": []}, "OperationMetrics.add_error": {"executed_lines": [36], "summary": {"covered_lines": 1, "num_statements": 1, "percent_covered": 100.0, "percent_covered_display": "100", "missing_lines": 0, "excluded_lines": 0}, "missing_lines": [], "excluded_lines": []}, "OperationMetrics.add_warning": {"executed_lines": [40], "summary": {"covered_lines": 1, "num_statements": 1, "percent_covered": 100.0, "percent_covered_display": "100", "missing_lines": 0, "excluded_lines": 0}, "missing_lines": [], "excluded_lines": []}, "OperationMetrics.finish": {"executed_lines": [44], "summary": {"covered_lines": 1, "num_statements": 1, "percent_covered": 100.0, "percent_covered_display": "100", "missing_lines": 0, "excluded_lines": 0}, "missing_lines": [], "excluded_lines": []}, "OperationMetrics.duration": {"executed_lines": [49, 50], "summary": {"covered_lines": 2, "num_statements": 2, "percent_covered": 100.0, "percent_covered_display": "100", "missing_lines": 0, "excluded_lines": 0}, "missing_lines": [], "excluded_lines": []}, "OperationMetrics.get_summary": {"executed_lines": [54], "summary": {"covered_lines": 1, "num_statements": 1, "percent_covered": 100.0, "percent_covered_display": "100", "missing_lines": 0, "excluded_lines": 0}, "missing_lines": [], "excluded_lines": []}, "MetricsCollector.parse_import_result": {"executed_lines": [73, 76, 113, 114, 115, 116, 118, 119, 120, 121, 124, 126, 131, 132, 133, 134, 135, 138, 140, 145, 146, 147, 148, 149, 151], "summary": {"covered_lines": 25, "num_statements": 25, "percent_covered": 100.0, "percent_covered_display": "100", "missing_lines": 0, "excluded_lines": 0}, "missing_lines": [], "excluded_lines": []}, "MetricsCollector.create_transform_metrics": {"executed_lines": [156, 158, 159, 160, 161, 163, 164, 165, 168, 169, 170, 172, 173, 174, 176, 177, 179, 180, 183, 184, 185, 186, 188, 189, 190, 192], "summary": {"covered_lines": 26, "num_statements": 26, "percent_covered": 100.0, "percent_covered_display": "100", "missing_lines": 0, "excluded_lines": 0}, "missing_lines": [], "excluded_lines": []}, "MetricsCollector.create_export_metrics": {"executed_lines": [197, 199, 200, 201, 202, 204, 205, 206, 207, 210, 211, 214, 217, 219, 220, 222, 224, 225, 226, 228, 229, 230, 231, 235, 236, 237, 239, 241, 244, 247, 248, 249, 250, 252, 253, 254, 256], "summary": {"covered_lines": 37, "num_statements": 39, "percent_covered": 94.87179487179488, "percent_covered_display": "95", "missing_lines": 2, "excluded_lines": 0}, "missing_lines": [232, 233], "excluded_lines": []}, "MetricsFormatter.format_duration": {"executed_lines": [265, 267, 268, 269, 270, 271, 272, 274, 275, 276], "summary": {"covered_lines": 10, "num_statements": 10, "percent_covered": 100.0, "percent_covered_display": "100", "missing_lines": 0, "excluded_lines": 0}, "missing_lines": [], "excluded_lines": []}, "MetricsFormatter.format_file_size": {"executed_lines": [281, 282, 283, 284, 285, 286], "summary": {"covered_lines": 6, "num_statements": 6, "percent_covered": 100.0, "percent_covered_display": "100", "missing_lines": 0, "excluded_lines": 0}, "missing_lines": [], "excluded_lines": []}, "MetricsFormatter.format_number": {"executed_lines": [291], "summary": {"covered_lines": 1, "num_statements": 1, "percent_covered": 100.0, "percent_covered_display": "100", "missing_lines": 0, "excluded_lines": 0}, "missing_lines": [], "excluded_lines": []}, "MetricsFormatter.format_import_metrics": {"executed_lines": [296, 299, 304, 307, 308, 309, 310, 311, 312, 313, 314, 315, 317, 318, 323, 324, 325, 326, 329, 330, 331, 332, 333, 336, 339, 348, 349, 350, 355, 356, 357, 360, 365, 366, 371, 374, 375, 376, 377, 379], "summary": {"covered_lines": 40, "num_statements": 41, "percent_covered": 97.5609756097561, "percent_covered_display": "98", "missing_lines": 1, "excluded_lines": 0}, "missing_lines": [343], "excluded_lines": []}, "MetricsFormatter.format_transform_metrics": {"executed_lines": [384, 387, 392, 395, 396, 397, 398, 399, 400, 401, 402, 403, 404, 406, 408, 409, 410, 411, 416, 417, 418, 421, 425, 429, 432, 433, 434, 435, 437], "summary": {"covered_lines": 29, "num_statements": 30, "percent_covered": 96.66666666666667, "percent_covered_display": "97", "missing_lines": 1, "excluded_lines": 0}, "missing_lines": [405], "excluded_lines": []}, "MetricsFormatter.format_export_metrics": {"executed_lines": [442, 445, 450, 453, 454, 455, 456, 457, 458, 459, 460, 461, 462, 464, 466, 467, 468, 470, 471, 476, 477, 478, 483, 488, 491, 495], "summary": {"covered_lines": 26, "num_statements": 27, "percent_covered": 96.29629629629629, "percent_covered_display": "96", "missing_lines": 1, "excluded_lines": 0}, "missing_lines": [463], "excluded_lines": []}, "": {"executed_lines": [1, 6, 7, 8, 9, 12, 13, 14, 16, 17, 18, 19, 20, 21, 23, 27, 34, 38, 42, 46, 47, 52, 65, 66, 68, 69, 153, 154, 194, 195, 259, 260, 262, 263, 278, 279, 288, 289, 293, 294, 381, 382, 439, 440], "summary": {"covered_lines": 40, "num_statements": 40, "percent_covered": 100.0, "percent_covered_display": "100", "missing_lines": 0, "excluded_lines": 0}, "missing_lines": [], "excluded_lines": []}}, "classes": {"OperationMetrics": {"executed_lines": [25, 29, 30, 32, 36, 40, 44, 49, 50, 54], "summary": {"covered_lines": 10, "num_statements": 10, "percent_covered": 100.0, "percent_covered_display": "100", "missing_lines": 0, "excluded_lines": 0}, "missing_lines": [], "excluded_lines": []}, "MetricsCollector": {"executed_lines": [73, 76, 113, 114, 115, 116, 118, 119, 120, 121, 124, 126, 131, 132, 133, 134, 135, 138, 140, 145, 146, 147, 148, 149, 151, 156, 158, 159, 160, 161, 163, 164, 165, 168, 169, 170, 172, 173, 174, 176, 177, 179, 180, 183, 184, 185, 186, 188, 189, 190, 192, 197, 199, 200, 201, 202, 204, 205, 206, 207, 210, 211, 214, 217, 219, 220, 222, 224, 225, 226, 228, 229, 230, 231, 235, 236, 237, 239, 241, 244, 247, 248, 249, 250, 252, 253, 254, 256], "summary": {"covered_lines": 88, "num_statements": 90, "percent_covered": 97.77777777777777, "percent_covered_display": "98", "missing_lines": 2, "excluded_lines": 0}, "missing_lines": [232, 233], "excluded_lines": []}, "MetricsFormatter": {"executed_lines": [265, 267, 268, 269, 270, 271, 272, 274, 275, 276, 281, 282, 283, 284, 285, 286, 291, 296, 299, 304, 307, 308, 309, 310, 311, 312, 313, 314, 315, 317, 318, 323, 324, 325, 326, 329, 330, 331, 332, 333, 336, 339, 348, 349, 350, 355, 356, 357, 360, 365, 366, 371, 374, 375, 376, 377, 379, 384, 387, 392, 395, 396, 397, 398, 399, 400, 401, 402, 403, 404, 406, 408, 409, 410, 411, 416, 417, 418, 421, 425, 429, 432, 433, 434, 435, 437, 442, 445, 450, 453, 454, 455, 456, 457, 458, 459, 460, 461, 462, 464, 466, 467, 468, 470, 471, 476, 477, 478, 483, 488, 491, 495], "summary": {"covered_lines": 112, "num_statements": 115, "percent_covered": 97.3913043478261, "percent_covered_display": "97", "missing_lines": 3, "excluded_lines": 0}, "missing_lines": [343, 405, 463], "excluded_lines": []}, "": {"executed_lines": [1, 6, 7, 8, 9, 12, 13, 14, 16, 17, 18, 19, 20, 21, 23, 27, 34, 38, 42, 46, 47, 52, 65, 66, 68, 69, 153, 154, 194, 195, 259, 260, 262, 263, 278, 279, 288, 289, 293, 294, 381, 382, 439, 440], "summary": {"covered_lines": 40, "num_statements": 40, "percent_covered": 100.0, "percent_covered_display": "100", "missing_lines": 0, "excluded_lines": 0}, "missing_lines": [], "excluded_lines": []}}}, "src/niamoto/cli/utils/progress.py": {"executed_lines": [1, 6, 7, 8, 9, 10, 20, 21, 23, 25, 26, 27, 28, 29, 30, 32, 33, 35, 42, 43, 47, 48, 49, 56, 61, 62, 63, 65, 66, 67, 69, 73, 74, 77, 79, 80, 81, 83, 91, 92, 95, 96, 97, 102, 104, 108, 109, 113, 116, 119, 120, 122, 124, 125, 127, 130, 131, 133, 134, 137, 138, 139, 148, 151, 154, 157, 161, 163, 164, 166, 168, 169, 171, 177, 178, 180, 182, 183, 184, 188, 189, 193, 194, 196, 197, 201, 202, 203, 205, 208, 209, 211, 213, 215, 216, 217, 218, 219, 220, 222, 223, 224, 227, 229, 241, 242, 244, 246, 247, 248, 249, 250, 252, 254, 256, 258, 259, 261, 263, 264, 266, 268, 269, 271, 273, 275, 277, 279, 280, 281, 283, 284, 286, 287, 289, 290, 291, 293, 295, 297, 298, 299, 300, 301, 302, 304, 305, 306], "summary": {"covered_lines": 145, "num_statements": 150, "percent_covered": 96.66666666666667, "percent_covered_display": "97", "missing_lines": 5, "excluded_lines": 0}, "missing_lines": [99, 105, 117, 145, 149], "excluded_lines": [], "functions": {"ProgressManager.__init__": {"executed_lines": [25, 26, 27, 28, 29, 30], "summary": {"covered_lines": 6, "num_statements": 6, "percent_covered": 100.0, "percent_covered_display": "100", "missing_lines": 0, "excluded_lines": 0}, "missing_lines": [], "excluded_lines": []}, "ProgressManager.standard_columns": {"executed_lines": [35], "summary": {"covered_lines": 1, "num_statements": 1, "percent_covered": 100.0, "percent_covered_display": "100", "missing_lines": 0, "excluded_lines": 0}, "missing_lines": [], "excluded_lines": []}, "ProgressManager.progress_context": {"executed_lines": [47, 48, 49, 56, 61, 62, 63, 65, 66, 67], "summary": {"covered_lines": 10, "num_statements": 10, "percent_covered": 100.0, "percent_covered_display": "100", "missing_lines": 0, "excluded_lines": 0}, "missing_lines": [], "excluded_lines": []}, "ProgressManager.add_task": {"executed_lines": [73, 74, 77, 79, 80, 81], "summary": {"covered_lines": 6, "num_statements": 6, "percent_covered": 100.0, "percent_covered_display": "100", "missing_lines": 0, "excluded_lines": 0}, "missing_lines": [], "excluded_lines": []}, "ProgressManager.update_task": {"executed_lines": [91, 92, 95, 96, 97, 102, 104, 108, 109, 113, 116, 119, 120], "summary": {"covered_lines": 13, "num_statements": 16, "percent_covered": 81.25, "percent_covered_display": "81", "missing_lines": 3, "excluded_lines": 0}, "missing_lines": [99, 105, 117], "excluded_lines": []}, "ProgressManager.complete_task": {"executed_lines": [124, 125, 127, 130, 131, 133, 134, 137, 138, 139, 148, 151, 154, 157], "summary": {"covered_lines": 14, "num_statements": 16, "percent_covered": 87.5, "percent_covered_display": "88", "missing_lines": 2, "excluded_lines": 0}, "missing_lines": [145, 149], "excluded_lines": []}, "ProgressManager.add_error": {"executed_lines": [163, 164], "summary": {"covered_lines": 2, "num_statements": 2, "percent_covered": 100.0, "percent_covered_display": "100", "missing_lines": 0, "excluded_lines": 0}, "missing_lines": [], "excluded_lines": []}, "ProgressManager.add_warning": {"executed_lines": [168, 169], "summary": {"covered_lines": 2, "num_statements": 2, "percent_covered": 100.0, "percent_covered_display": "100", "missing_lines": 0, "excluded_lines": 0}, "missing_lines": [], "excluded_lines": []}, "ProgressManager.show_summary": {"executed_lines": [177, 178, 180, 182, 183, 184, 188, 189, 193, 194, 196, 197, 201, 202, 203, 205, 208, 209], "summary": {"covered_lines": 18, "num_statements": 18, "percent_covered": 100.0, "percent_covered_display": "100", "missing_lines": 0, "excluded_lines": 0}, "missing_lines": [], "excluded_lines": []}, "ProgressManager._format_duration": {"executed_lines": [213, 215, 216, 217, 218, 219, 220, 222, 223, 224], "summary": {"covered_lines": 10, "num_statements": 10, "percent_covered": 100.0, "percent_covered_display": "100", "missing_lines": 0, "excluded_lines": 0}, "missing_lines": [], "excluded_lines": []}, "create_simple_progress": {"executed_lines": [229], "summary": {"covered_lines": 1, "num_statements": 1, "percent_covered": 100.0, "percent_covered_display": "100", "missing_lines": 0, "excluded_lines": 0}, "missing_lines": [], "excluded_lines": []}, "OperationTracker.__init__": {"executed_lines": [246, 247, 248, 249, 250], "summary": {"covered_lines": 5, "num_statements": 5, "percent_covered": 100.0, "percent_covered_display": "100", "missing_lines": 0, "excluded_lines": 0}, "missing_lines": [], "excluded_lines": []}, "OperationTracker.start_operation": {"executed_lines": [254], "summary": {"covered_lines": 1, "num_statements": 1, "percent_covered": 100.0, "percent_covered_display": "100", "missing_lines": 0, "excluded_lines": 0}, "missing_lines": [], "excluded_lines": []}, "OperationTracker.complete_operation": {"executed_lines": [258, 259], "summary": {"covered_lines": 2, "num_statements": 2, "percent_covered": 100.0, "percent_covered_display": "100", "missing_lines": 0, "excluded_lines": 0}, "missing_lines": [], "excluded_lines": []}, "OperationTracker.error": {"executed_lines": [263, 264], "summary": {"covered_lines": 2, "num_statements": 2, "percent_covered": 100.0, "percent_covered_display": "100", "missing_lines": 0, "excluded_lines": 0}, "missing_lines": [], "excluded_lines": []}, "OperationTracker.warning": {"executed_lines": [268, 269], "summary": {"covered_lines": 2, "num_statements": 2, "percent_covered": 100.0, "percent_covered_display": "100", "missing_lines": 0, "excluded_lines": 0}, "missing_lines": [], "excluded_lines": []}, "OperationTracker.info": {"executed_lines": [273], "summary": {"covered_lines": 1, "num_statements": 1, "percent_covered": 100.0, "percent_covered_display": "100", "missing_lines": 0, "excluded_lines": 0}, "missing_lines": [], "excluded_lines": []}, "OperationTracker.show_summary": {"executed_lines": [277, 279, 280, 281, 283, 284, 286, 287, 289, 290, 291], "summary": {"covered_lines": 11, "num_statements": 11, "percent_covered": 100.0, "percent_covered_display": "100", "missing_lines": 0, "excluded_lines": 0}, "missing_lines": [], "excluded_lines": []}, "OperationTracker._format_duration": {"executed_lines": [295, 297, 298, 299, 300, 301, 302, 304, 305, 306], "summary": {"covered_lines": 10, "num_statements": 10, "percent_covered": 100.0, "percent_covered_display": "100", "missing_lines": 0, "excluded_lines": 0}, "missing_lines": [], "excluded_lines": []}, "": {"executed_lines": [1, 6, 7, 8, 9, 10, 20, 21, 23, 32, 33, 42, 43, 69, 83, 122, 161, 166, 171, 211, 227, 241, 242, 244, 252, 256, 261, 266, 271, 275, 293], "summary": {"covered_lines": 28, "num_statements": 28, "percent_covered": 100.0, "percent_covered_display": "100", "missing_lines": 0, "excluded_lines": 0}, "missing_lines": [], "excluded_lines": []}}, "classes": {"ProgressManager": {"executed_lines": [25, 26, 27, 28, 29, 30, 35, 47, 48, 49, 56, 61, 62, 63, 65, 66, 67, 73, 74, 77, 79, 80, 81, 91, 92, 95, 96, 97, 102, 104, 108, 109, 113, 116, 119, 120, 124, 125, 127, 130, 131, 133, 134, 137, 138, 139, 148, 151, 154, 157, 163, 164, 168, 169, 177, 178, 180, 182, 183, 184, 188, 189, 193, 194, 196, 197, 201, 202, 203, 205, 208, 209, 213, 215, 216, 217, 218, 219, 220, 222, 223, 224], "summary": {"covered_lines": 82, "num_statements": 87, "percent_covered": 94.25287356321839, "percent_covered_display": "94", "missing_lines": 5, "excluded_lines": 0}, "missing_lines": [99, 105, 117, 145, 149], "excluded_lines": []}, "OperationTracker": {"executed_lines": [246, 247, 248, 249, 250, 254, 258, 259, 263, 264, 268, 269, 273, 277, 279, 280, 281, 283, 284, 286, 287, 289, 290, 291, 295, 297, 298, 299, 300, 301, 302, 304, 305, 306], "summary": {"covered_lines": 34, "num_statements": 34, "percent_covered": 100.0, "percent_covered_display": "100", "missing_lines": 0, "excluded_lines": 0}, "missing_lines": [], "excluded_lines": []}, "": {"executed_lines": [1, 6, 7, 8, 9, 10, 20, 21, 23, 32, 33, 42, 43, 69, 83, 122, 161, 166, 171, 211, 227, 229, 241, 242, 244, 252, 256, 261, 266, 271, 275, 293], "summary": {"covered_lines": 29, "num_statements": 29, "percent_covered": 100.0, "percent_covered_display": "100", "missing_lines": 0, "excluded_lines": 0}, "missing_lines": [], "excluded_lines": []}}}, "src/niamoto/common/config.py": {"executed_lines": [1, 2, 3, 4, 5, 7, 8, 15, 18, 19, 27, 28, 38, 39, 40, 41, 42, 43, 44, 45, 46, 48, 52, 53, 54, 57, 60, 61, 63, 64, 70, 71, 73, 80, 81, 82, 83, 84, 87, 88, 89, 95, 96, 97, 104, 105, 106, 107, 112, 114, 115, 116, 122, 123, 124, 125, 126, 129, 130, 131, 132, 137, 138, 140, 144, 174, 179, 186, 187, 190, 191, 222, 223, 227, 229, 230, 234, 251, 252, 262, 268, 269, 273, 275, 276, 280, 286, 287, 489, 490, 667, 668, 781, 782, 783, 789, 790, 796, 798, 799, 800, 807, 808, 814, 816, 817, 818, 824, 825, 831, 833, 834, 835, 845, 846, 853, 856, 860, 861, 862, 873, 874, 881, 882, 887, 889, 890, 896, 897, 902], "summary": {"covered_lines": 129, "num_statements": 179, "percent_covered": 72.06703910614524, "percent_covered_display": "72", "missing_lines": 50, "excluded_lines": 2}, "missing_lines": [58, 108, 145, 146, 148, 149, 150, 151, 152, 153, 154, 155, 156, 158, 159, 165, 166, 167, 180, 193, 195, 196, 197, 198, 199, 200, 201, 202, 203, 208, 211, 212, 231, 232, 289, 486, 487, 492, 664, 665, 670, 778, 779, 791, 809, 826, 854, 857, 858, 864], "excluded_lines": [213, 216], "functions": {"Config.__init__": {"executed_lines": [38, 39, 40, 41, 42, 43, 44, 45, 46, 48, 52, 53, 54, 57, 60, 61, 63, 64], "summary": {"covered_lines": 18, "num_statements": 19, "percent_covered": 94.73684210526316, "percent_covered_display": "95", "missing_lines": 1, "excluded_lines": 0}, "missing_lines": [58], "excluded_lines": []}, "Config._load_files": {"executed_lines": [73, 80, 81, 82, 83, 84, 87, 88, 89], "summary": {"covered_lines": 9, "num_statements": 9, "percent_covered": 100.0, "percent_covered_display": "100", "missing_lines": 0, "excluded_lines": 0}, "missing_lines": [], "excluded_lines": []}, "Config.get_niamoto_home": {"executed_lines": [104, 105, 106, 107, 112], "summary": {"covered_lines": 5, "num_statements": 6, "percent_covered": 83.33333333333333, "percent_covered_display": "83", "missing_lines": 1, "excluded_lines": 0}, "missing_lines": [108], "excluded_lines": []}, "Config._load_yaml_with_defaults": {"executed_lines": [122, 123, 124, 125, 126, 129, 130, 131, 132, 137, 138, 140, 144, 174, 179], "summary": {"covered_lines": 15, "num_statements": 32, "percent_covered": 46.875, "percent_covered_display": "47", "missing_lines": 17, "excluded_lines": 0}, "missing_lines": [145, 146, 148, 149, 150, 151, 152, 153, 154, 155, 156, 158, 159, 165, 166, 167, 180], "excluded_lines": []}, "Config._substitute_env_variables": {"executed_lines": [190, 191], "summary": {"covered_lines": 2, "num_statements": 7, "percent_covered": 28.571428571428573, "percent_covered_display": "29", "missing_lines": 5, "excluded_lines": 2}, "missing_lines": [193, 195, 208, 211, 212], "excluded_lines": [213, 216]}, "Config._substitute_env_variables.replace": {"executed_lines": [], "summary": {"covered_lines": 0, "num_statements": 8, "percent_covered": 0.0, "percent_covered_display": "0", "missing_lines": 8, "excluded_lines": 0}, "missing_lines": [196, 197, 198, 199, 200, 201, 202, 203], "excluded_lines": []}, "Config._default_config": {"executed_lines": [227, 229, 230, 234], "summary": {"covered_lines": 4, "num_statements": 6, "percent_covered": 66.66666666666667, "percent_covered_display": "67", "missing_lines": 2, "excluded_lines": 0}, "missing_lines": [231, 232], "excluded_lines": []}, "Config._default_imports": {"executed_lines": [262], "summary": {"covered_lines": 1, "num_statements": 1, "percent_covered": 100.0, "percent_covered_display": "100", "missing_lines": 0, "excluded_lines": 0}, "missing_lines": [], "excluded_lines": []}, "Config._default_transforms": {"executed_lines": [273], "summary": {"covered_lines": 1, "num_statements": 1, "percent_covered": 100.0, "percent_covered_display": "100", "missing_lines": 0, "excluded_lines": 0}, "missing_lines": [], "excluded_lines": []}, "Config._default_exports": {"executed_lines": [280], "summary": {"covered_lines": 1, "num_statements": 1, "percent_covered": 100.0, "percent_covered_display": "100", "missing_lines": 0, "excluded_lines": 0}, "missing_lines": [], "excluded_lines": []}, "Config._write_import_yaml_with_comments": {"executed_lines": [], "summary": {"covered_lines": 0, "num_statements": 3, "percent_covered": 0.0, "percent_covered_display": "0", "missing_lines": 3, "excluded_lines": 0}, "missing_lines": [289, 486, 487], "excluded_lines": []}, "Config._write_transform_yaml_with_comments": {"executed_lines": [], "summary": {"covered_lines": 0, "num_statements": 3, "percent_covered": 0.0, "percent_covered_display": "0", "missing_lines": 3, "excluded_lines": 0}, "missing_lines": [492, 664, 665], "excluded_lines": []}, "Config._write_export_yaml_with_comments": {"executed_lines": [], "summary": {"covered_lines": 0, "num_statements": 3, "percent_covered": 0.0, "percent_covered_display": "0", "missing_lines": 3, "excluded_lines": 0}, "missing_lines": [670, 778, 779], "excluded_lines": []}, "Config.database_path": {"executed_lines": [789, 790, 796], "summary": {"covered_lines": 3, "num_statements": 4, "percent_covered": 75.0, "percent_covered_display": "75", "missing_lines": 1, "excluded_lines": 0}, "missing_lines": [791], "excluded_lines": []}, "Config.logs_path": {"executed_lines": [807, 808, 814], "summary": {"covered_lines": 3, "num_statements": 4, "percent_covered": 75.0, "percent_covered_display": "75", "missing_lines": 1, "excluded_lines": 0}, "missing_lines": [809], "excluded_lines": []}, "Config.get_export_config": {"executed_lines": [824, 825, 831], "summary": {"covered_lines": 3, "num_statements": 4, "percent_covered": 75.0, "percent_covered_display": "75", "missing_lines": 1, "excluded_lines": 0}, "missing_lines": [826], "excluded_lines": []}, "Config.get_imports_config": {"executed_lines": [845, 846, 853, 856, 860, 861, 862], "summary": {"covered_lines": 7, "num_statements": 11, "percent_covered": 63.63636363636363, "percent_covered_display": "64", "missing_lines": 4, "excluded_lines": 0}, "missing_lines": [854, 857, 858, 864], "excluded_lines": []}, "Config.get_transforms_config": {"executed_lines": [881, 882, 887], "summary": {"covered_lines": 3, "num_statements": 3, "percent_covered": 100.0, "percent_covered_display": "100", "missing_lines": 0, "excluded_lines": 0}, "missing_lines": [], "excluded_lines": []}, "Config.get_exports_config": {"executed_lines": [896, 897, 902], "summary": {"covered_lines": 3, "num_statements": 3, "percent_covered": 100.0, "percent_covered_display": "100", "missing_lines": 0, "excluded_lines": 0}, "missing_lines": [], "excluded_lines": []}, "": {"executed_lines": [1, 2, 3, 4, 5, 7, 8, 15, 18, 19, 27, 28, 70, 71, 95, 96, 97, 114, 115, 116, 186, 187, 222, 223, 251, 252, 268, 269, 275, 276, 286, 287, 489, 490, 667, 668, 781, 782, 783, 798, 799, 800, 816, 817, 818, 833, 834, 835, 873, 874, 889, 890], "summary": {"covered_lines": 51, "num_statements": 51, "percent_covered": 100.0, "percent_covered_display": "100", "missing_lines": 0, "excluded_lines": 0}, "missing_lines": [], "excluded_lines": []}}, "classes": {"Config": {"executed_lines": [38, 39, 40, 41, 42, 43, 44, 45, 46, 48, 52, 53, 54, 57, 60, 61, 63, 64, 73, 80, 81, 82, 83, 84, 87, 88, 89, 104, 105, 106, 107, 112, 122, 123, 124, 125, 126, 129, 130, 131, 132, 137, 138, 140, 144, 174, 179, 190, 191, 227, 229, 230, 234, 262, 273, 280, 789, 790, 796, 807, 808, 814, 824, 825, 831, 845, 846, 853, 856, 860, 861, 862, 881, 882, 887, 896, 897, 902], "summary": {"covered_lines": 78, "num_statements": 128, "percent_covered": 60.9375, "percent_covered_display": "61", "missing_lines": 50, "excluded_lines": 2}, "missing_lines": [58, 108, 145, 146, 148, 149, 150, 151, 152, 153, 154, 155, 156, 158, 159, 165, 166, 167, 180, 193, 195, 196, 197, 198, 199, 200, 201, 202, 203, 208, 211, 212, 231, 232, 289, 486, 487, 492, 664, 665, 670, 778, 779, 791, 809, 826, 854, 857, 858, 864], "excluded_lines": [213, 216]}, "": {"executed_lines": [1, 2, 3, 4, 5, 7, 8, 15, 18, 19, 27, 28, 70, 71, 95, 96, 97, 114, 115, 116, 186, 187, 222, 223, 251, 252, 268, 269, 275, 276, 286, 287, 489, 490, 667, 668, 781, 782, 783, 798, 799, 800, 816, 817, 818, 833, 834, 835, 873, 874, 889, 890], "summary"
[...]
_zip_upload": {"executed_lines": [], "summary": {"covered_lines": 0, "num_statements": 22, "percent_covered": 0.0, "percent_covered_display": "0", "missing_lines": 22, "excluded_lines": 0}, "missing_lines": [162, 165, 166, 167, 168, 171, 172, 173, 176, 177, 181, 182, 183, 186, 187, 188, 191, 192, 193, 195, 206, 207], "excluded_lines": []}, "_categorize_file": {"executed_lines": [], "summary": {"covered_lines": 0, "num_statements": 10, "percent_covered": 0.0, "percent_covered_display": "0", "missing_lines": 10, "excluded_lines": 0}, "missing_lines": [212, 213, 214, 215, 216, 217, 218, 219, 220, 222], "excluded_lines": []}, "analyze_file_smart": {"executed_lines": [], "summary": {"covered_lines": 0, "num_statements": 15, "percent_covered": 0.0, "percent_covered_display": "0", "missing_lines": 15, "excluded_lines": 0}, "missing_lines": [235, 236, 237, 238, 240, 242, 243, 248, 249, 251, 255, 257, 258, 259, 260], "excluded_lines": []}, "_analyze_csv_file": {"executed_lines": [], "summary": {"covered_lines": 0, "num_statements": 21, "percent_covered": 0.0, "percent_covered_display": "0", "missing_lines": 21, "excluded_lines": 0}, "missing_lines": [272, 274, 275, 277, 278, 279, 282, 283, 285, 286, 287, 288, 292, 295, 298, 299, 300, 301, 303, 305, 306], "excluded_lines": []}, "detect_hierarchy": {"executed_lines": [], "summary": {"covered_lines": 0, "num_statements": 30, "percent_covered": 0.0, "percent_covered_display": "0", "missing_lines": 30, "excluded_lines": 0}, "missing_lines": [319, 320, 321, 322, 324, 326, 327, 332, 333, 338, 339, 340, 343, 344, 345, 346, 347, 350, 353, 354, 355, 356, 357, 359, 365, 367, 369, 370, 371, 372], "excluded_lines": []}, "detect_relationships": {"executed_lines": [], "summary": {"covered_lines": 0, "num_statements": 31, "percent_covered": 0.0, "percent_covered_display": "0", "missing_lines": 31, "excluded_lines": 0}, "missing_lines": [391, 392, 393, 394, 396, 398, 399, 404, 405, 406, 407, 410, 412, 413, 415, 416, 419, 420, 421, 422, 425, 426, 428, 437, 438, 439, 441, 443, 444, 445, 446], "excluded_lines": []}, "auto_configure": {"executed_lines": [], "summary": {"covered_lines": 0, "num_statements": 118, "percent_covered": 0.0, "percent_covered_display": "0", "missing_lines": 118, "excluded_lines": 0}, "missing_lines": [467, 468, 469, 470, 472, 474, 475, 478, 479, 480, 482, 483, 485, 486, 488, 490, 491, 492, 493, 495, 496, 497, 498, 499, 501, 502, 504, 505, 509, 511, 512, 515, 516, 517, 519, 520, 528, 532, 534, 537, 538, 539, 541, 548, 549, 550, 553, 554, 559, 560, 562, 567, 568, 569, 570, 579, 580, 583, 584, 585, 591, 594, 607, 608, 614, 616, 619, 620, 621, 623, 624, 627, 630, 631, 632, 634, 635, 638, 639, 642, 643, 646, 650, 651, 656, 657, 659, 660, 662, 668, 678, 689, 690, 693, 694, 696, 697, 702, 703, 713, 714, 715, 720, 726, 727, 728, 731, 732, 736, 737, 740, 741, 742, 744, 751, 752, 753, 754], "excluded_lines": []}, "_build_hierarchy_reference_config": {"executed_lines": [], "summary": {"covered_lines": 0, "num_statements": 20, "percent_covered": 0.0, "percent_covered_display": "0", "missing_lines": 20, "excluded_lines": 0}, "missing_lines": [772, 776, 777, 779, 780, 781, 784, 785, 787, 788, 789, 790, 792, 794, 795, 796, 797, 804, 826, 828], "excluded_lines": []}, "_build_simple_reference_config": {"executed_lines": [], "summary": {"covered_lines": 0, "num_statements": 5, "percent_covered": 0.0, "percent_covered_display": "0", "missing_lines": 5, "excluded_lines": 0}, "missing_lines": [858, 860, 873, 874, 881], "excluded_lines": []}, "_build_shapes_reference": {"executed_lines": [], "summary": {"covered_lines": 0, "num_statements": 1, "percent_covered": 0.0, "percent_covered_display": "0", "missing_lines": 1, "excluded_lines": 0}, "missing_lines": [893], "excluded_lines": []}, "_build_dataset_config": {"executed_lines": [], "summary": {"covered_lines": 0, "num_statements": 2, "percent_covered": 0.0, "percent_covered_display": "0", "missing_lines": 2, "excluded_lines": 0}, "missing_lines": [939, 947], "excluded_lines": []}, "_infer_reference_name": {"executed_lines": [], "summary": {"covered_lines": 0, "num_statements": 9, "percent_covered": 0.0, "percent_covered_display": "0", "missing_lines": 9, "excluded_lines": 0}, "missing_lines": [960, 961, 964, 966, 967, 968, 970, 971, 974], "excluded_lines": []}, "_build_derived_hierarchy_reference": {"executed_lines": [], "summary": {"covered_lines": 0, "num_statements": 20, "percent_covered": 0.0, "percent_covered_display": "0", "missing_lines": 20, "excluded_lines": 0}, "missing_lines": [992, 995, 996, 997, 998, 1006, 1007, 1008, 1009, 1010, 1011, 1014, 1015, 1016, 1017, 1021, 1022, 1024, 1026, 1028], "excluded_lines": []}, "create_entities_bulk": {"executed_lines": [], "summary": {"covered_lines": 0, "num_statements": 19, "percent_covered": 0.0, "percent_covered_display": "0", "missing_lines": 19, "excluded_lines": 0}, "missing_lines": [1073, 1075, 1076, 1077, 1079, 1080, 1081, 1084, 1086, 1088, 1097, 1098, 1101, 1102, 1110, 1111, 1113, 1121, 1122], "excluded_lines": []}, "": {"executed_lines": [1, 7, 8, 9, 10, 11, 12, 13, 15, 19, 21, 24, 25, 27, 28, 31, 32, 34, 37, 38, 40, 41, 42, 43, 46, 47, 49, 50, 51, 52, 53, 54, 57, 58, 154, 210, 225, 226, 263, 309, 310, 377, 378, 451, 452, 759, 846, 884, 922, 950, 977, 1053, 1054, 1056, 1059, 1060], "summary": {"covered_lines": 50, "num_statements": 50, "percent_covered": 100.0, "percent_covered_display": "100", "missing_lines": 0, "excluded_lines": 0}, "missing_lines": [], "excluded_lines": []}}, "classes": {"FileInfo": {"executed_lines": [], "summary": {"covered_lines": 0, "num_statements": 0, "percent_covered": 100.0, "percent_covered_display": "100", "missing_lines": 0, "excluded_lines": 0}, "missing_lines": [], "excluded_lines": []}, "AutoConfigureRequest": {"executed_lines": [], "summary": {"covered_lines": 0, "num_statements": 0, "percent_covered": 100.0, "percent_covered_display": "100", "missing_lines": 0, "excluded_lines": 0}, "missing_lines": [], "excluded_lines": []}, "AutoConfigureResponse": {"executed_lines": [], "summary": {"covered_lines": 0, "num_statements": 0, "percent_covered": 100.0, "percent_covered_display": "100", "missing_lines": 0, "excluded_lines": 0}, "missing_lines": [], "excluded_lines": []}, "UploadedFileInfo": {"executed_lines": [], "summary": {"covered_lines": 0, "num_statements": 0, "percent_covered": 100.0, "percent_covered_display": "100", "missing_lines": 0, "excluded_lines": 0}, "missing_lines": [], "excluded_lines": []}, "CreateEntitiesBulkRequest": {"executed_lines": [], "summary": {"covered_lines": 0, "num_statements": 0, "percent_covered": 100.0, "percent_covered_display": "100", "missing_lines": 0, "excluded_lines": 0}, "missing_lines": [], "excluded_lines": []}, "": {"executed_lines": [1, 7, 8, 9, 10, 11, 12, 13, 15, 19, 21, 24, 25, 27, 28, 31, 32, 34, 37, 38, 40, 41, 42, 43, 46, 47, 49, 50, 51, 52, 53, 54, 57, 58, 154, 210, 225, 226, 263, 309, 310, 377, 378, 451, 452, 759, 846, 884, 922, 950, 977, 1053, 1054, 1056, 1059, 1060], "summary": {"covered_lines": 50, "num_statements": 411, "percent_covered": 12.165450121654501, "percent_covered_display": "12", "missing_lines": 361, "excluded_lines": 0}, "missing_lines": [72, 73, 74, 75, 77, 80, 82, 83, 84, 86, 87, 88, 89, 90, 91, 94, 95, 98, 99, 102, 103, 105, 106, 109, 112, 113, 116, 117, 122, 123, 125, 136, 137, 139, 148, 149, 150, 151, 162, 165, 166, 167, 168, 171, 172, 173, 176, 177, 181, 182, 183, 186, 187, 188, 191, 192, 193, 195, 206, 207, 212, 213, 214, 215, 216, 217, 218, 219, 220, 222, 235, 236, 237, 238, 240, 242, 243, 248, 249, 251, 255, 257, 258, 259, 260, 272, 274, 275, 277, 278, 279, 282, 283, 285, 286, 287, 288, 292, 295, 298, 299, 300, 301, 303, 305, 306, 319, 320, 321, 322, 324, 326, 327, 332, 333, 338, 339, 340, 343, 344, 345, 346, 347, 350, 353, 354, 355, 356, 357, 359, 365, 367, 369, 370, 371, 372, 391, 392, 393, 394, 396, 398, 399, 404, 405, 406, 407, 410, 412, 413, 415, 416, 419, 420, 421, 422, 425, 426, 428, 437, 438, 439, 441, 443, 444, 445, 446, 467, 468, 469, 470, 472, 474, 475, 478, 479, 480, 482, 483, 485, 486, 488, 490, 491, 492, 493, 495, 496, 497, 498, 499, 501, 502, 504, 505, 509, 511, 512, 515, 516, 517, 519, 520, 528, 532, 534, 537, 538, 539, 541, 548, 549, 550, 553, 554, 559, 560, 562, 567, 568, 569, 570, 579, 580, 583, 584, 585, 591, 594, 607, 608, 614, 616, 619, 620, 621, 623, 624, 627, 630, 631, 632, 634, 635, 638, 639, 642, 643, 646, 650, 651, 656, 657, 659, 660, 662, 668, 678, 689, 690, 693, 694, 696, 697, 702, 703, 713, 714, 715, 720, 726, 727, 728, 731, 732, 736, 737, 740, 741, 742, 744, 751, 752, 753, 754, 772, 776, 777, 779, 780, 781, 784, 785, 787, 788, 789, 790, 792, 794, 795, 796, 797, 804, 826, 828, 858, 860, 873, 874, 881, 893, 939, 947, 960, 961, 964, 966, 967, 968, 970, 971, 974, 992, 995, 996, 997, 998, 1006, 1007, 1008, 1009, 1010, 1011, 1014, 1015, 1016, 1017, 1021, 1022, 1024, 1026, 1028, 1073, 1075, 1076, 1077, 1079, 1080, 1081, 1084, 1086, 1088, 1097, 1098, 1101, 1102, 1110, 1111, 1113, 1121, 1122], "excluded_lines": []}}}, "src/niamoto/gui/api/routers/transform.py": {"executed_lines": [1, 3, 4, 5, 6, 7, 8, 10, 11, 13, 14, 15, 21, 24, 27, 28, 30, 31, 34, 35, 37, 38, 39, 40, 43, 44, 46, 47, 48, 49, 50, 51, 52, 53, 56, 57, 59, 60, 61, 62, 63, 64, 67, 86, 292, 293, 336, 337, 353, 354, 376, 377, 396, 397, 456, 457, 492, 493], "summary": {"covered_lines": 53, "num_statements": 242, "percent_covered": 21.90082644628099, "percent_covered_display": "22", "missing_lines": 189, "excluded_lines": 0}, "missing_lines": [69, 71, 72, 77, 78, 79, 80, 81, 91, 93, 95, 96, 97, 100, 103, 104, 105, 110, 111, 112, 113, 120, 122, 123, 124, 126, 127, 129, 130, 132, 133, 139, 140, 142, 143, 145, 146, 147, 148, 149, 150, 151, 152, 153, 155, 158, 159, 160, 161, 162, 163, 164, 165, 167, 168, 170, 172, 180, 182, 183, 184, 185, 186, 187, 198, 201, 202, 204, 205, 207, 209, 210, 211, 212, 213, 214, 215, 216, 221, 229, 231, 232, 234, 235, 236, 237, 239, 244, 248, 249, 250, 251, 252, 254, 255, 257, 264, 267, 268, 269, 270, 273, 285, 286, 287, 288, 289, 304, 307, 318, 321, 328, 345, 346, 348, 350, 361, 382, 383, 385, 387, 389, 390, 391, 393, 404, 405, 408, 409, 410, 412, 414, 415, 416, 417, 418, 419, 420, 421, 422, 423, 426, 428, 429, 430, 431, 432, 434, 435, 436, 437, 438, 439, 442, 448, 449, 450, 451, 465, 469, 470, 483, 485, 512, 513, 514, 515, 518, 519, 520, 522, 523, 526, 527, 528, 529, 531, 533, 535, 536, 539, 540, 543, 544, 545, 546, 549, 551, 552], "excluded_lines": [], "functions": {"get_transform_config": {"executed_lines": [], "summary": {"covered_lines": 0, "num_statements": 8, "percent_covered": 0.0, "percent_covered_display": "0", "missing_lines": 8, "excluded_lines": 0}, "missing_lines": [69, 71, 72, 77, 78, 79, 80, 81], "excluded_lines": []}, "execute_transform_background": {"executed_lines": [], "summary": {"covered_lines": 0, "num_statements": 80, "percent_covered": 0.0, "percent_covered_display": "0", "missing_lines": 80, "excluded_lines": 0}, "missing_lines": [91, 93, 95, 96, 97, 100, 103, 104, 105, 110, 111, 112, 113, 120, 122, 145, 146, 147, 148, 149, 150, 151, 152, 153, 155, 158, 159, 160, 161, 162, 163, 164, 165, 167, 168, 170, 172, 180, 182, 183, 184, 185, 186, 187, 198, 201, 202, 204, 205, 207, 209, 221, 229, 231, 232, 234, 235, 236, 237, 239, 244, 248, 249, 250, 251, 252, 254, 255, 257, 264, 267, 268, 269, 270, 273, 285, 286, 287, 288, 289], "excluded_lines": []}, "execute_transform_background.normalize_group": {"executed_lines": [], "summary": {"covered_lines": 0, "num_statements": 12, "percent_covered": 0.0, "percent_covered_display": "0", "missing_lines": 12, "excluded_lines": 0}, "missing_lines": [123, 124, 126, 127, 129, 130, 132, 133, 139, 140, 142, 143], "excluded_lines": []}, "execute_transform_background.handle_progress": {"executed_lines": [], "summary": {"covered_lines": 0, "num_statements": 7, "percent_covered": 0.0, "percent_covered_display": "0", "missing_lines": 7, "excluded_lines": 0}, "missing_lines": [210, 211, 212, 213, 214, 215, 216], "excluded_lines": []}, "execute_transform": {"executed_lines": [], "summary": {"covered_lines": 0, "num_statements": 5, "percent_covered": 0.0, "percent_covered_display": "0", "missing_lines": 5, "excluded_lines": 0}, "missing_lines": [304, 307, 318, 321, 328], "excluded_lines": []}, "get_transform_status": {"executed_lines": [], "summary": {"covered_lines": 0, "num_statements": 4, "percent_covered": 0.0, "percent_covered_display": "0", "missing_lines": 4, "excluded_lines": 0}, "missing_lines": [345, 346, 348, 350], "excluded_lines": []}, "list_transform_jobs": {"executed_lines": [], "summary": {"covered_lines": 0, "num_statements": 1, "percent_covered": 0.0, "percent_covered_display": "0", "missing_lines": 1, "excluded_lines": 0}, "missing_lines": [361], "excluded_lines": []}, "cancel_transform_job": {"executed_lines": [], "summary": {"covered_lines": 0, "num_statements": 8, "percent_covered": 0.0, "percent_covered_display": "0", "missing_lines": 8, "excluded_lines": 0}, "missing_lines": [382, 383, 385, 387, 389, 390, 391, 393], "excluded_lines": []}, "get_transform_config_endpoint": {"executed_lines": [], "summary": {"covered_lines": 0, "num_statements": 33, "percent_covered": 0.0, "percent_covered_display": "0", "missing_lines": 33, "excluded_lines": 0}, "missing_lines": [404, 405, 408, 409, 410, 412, 414, 415, 416, 417, 418, 419, 420, 421, 422, 423, 426, 428, 429, 430, 431, 432, 434, 435, 436, 437, 438, 439, 442, 448, 449, 450, 451], "excluded_lines": []}, "get_transform_metrics": {"executed_lines": [], "summary": {"covered_lines": 0, "num_statements": 5, "percent_covered": 0.0, "percent_covered_display": "0", "missing_lines": 5, "excluded_lines": 0}, "missing_lines": [465, 469, 470, 483, 485], "excluded_lines": []}, "get_transform_sources": {"executed_lines": [], "summary": {"covered_lines": 0, "num_statements": 26, "percent_covered": 0.0, "percent_covered_display": "0", "missing_lines": 26, "excluded_lines": 0}, "missing_lines": [512, 513, 514, 515, 518, 519, 520, 522, 523, 526, 527, 528, 529, 531, 533, 535, 536, 539, 540, 543, 544, 545, 546, 549, 551, 552], "excluded_lines": []}, "": {"executed_lines": [1, 3, 4, 5, 6, 7, 8, 10, 11, 13, 14, 15, 21, 24, 27, 28, 30, 31, 34, 35, 37, 38, 39, 40, 43, 44, 46, 47, 48, 49, 50, 51, 52, 53, 56, 57, 59, 60, 61, 62, 63, 64, 67, 86, 292, 293, 336, 337, 353, 354, 376, 377, 396, 397, 456, 457, 492, 493], "summary": {"covered_lines": 53, "num_statements": 53, "percent_covered": 100.0, "percent_covered_display": "100", "missing_lines": 0, "excluded_lines": 0}, "missing_lines": [], "excluded_lines": []}}, "classes": {"TransformRequest": {"executed_lines": [], "summary": {"covered_lines": 0, "num_statements": 0, "percent_covered": 100.0, "percent_covered_display": "100", "missing_lines": 0, "excluded_lines": 0}, "missing_lines": [], "excluded_lines": []}, "TransformResponse": {"executed_lines": [], "summary": {"covered_lines": 0, "num_statements": 0, "percent_covered": 100.0, "percent_covered_display": "100", "missing_lines": 0, "excluded_lines": 0}, "missing_lines": [], "excluded_lines": []}, "TransformStatus": {"executed_lines": [], "summary": {"covered_lines": 0, "num_statements": 0, "percent_covered": 100.0, "percent_covered_display": "100", "missing_lines": 0, "excluded_lines": 0}, "missing_lines": [], "excluded_lines": []}, "TransformMetrics": {"executed_lines": [], "summary": {"covered_lines": 0, "num_statements": 0, "percent_covered": 100.0, "percent_covered_display": "100", "missing_lines": 0, "excluded_lines": 0}, "missing_lines": [], "excluded_lines": []}, "": {"executed_lines": [1, 3, 4, 5, 6, 7, 8, 10, 11, 13, 14, 15, 21, 24, 27, 28, 30, 31, 34, 35, 37, 38, 39, 40, 43, 44, 46, 47, 48, 49, 50, 51, 52, 53, 56, 57, 59, 60, 61, 62, 63, 64, 67, 86, 292, 293, 336, 337, 353, 354, 376, 377, 396, 397, 456, 457, 492, 493], "summary": {"covered_lines": 53, "num_statements": 242, "percent_covered": 21.90082644628099, "percent_covered_display": "22", "missing_lines": 189, "excluded_lines": 0}, "missing_lines": [69, 71, 72, 77, 78, 79, 80, 81, 91, 93, 95, 96, 97, 100, 103, 104, 105, 110, 111, 112, 113, 120, 122, 123, 124, 126, 127, 129, 130, 132, 133, 139, 140, 142, 143, 145, 146, 147, 148, 149, 150, 151, 152, 153, 155, 158, 159, 160, 161, 162, 163, 164, 165, 167, 168, 170, 172, 180, 182, 183, 184, 185, 186, 187, 198, 201, 202, 204, 205, 207, 209, 210, 211, 212, 213, 214, 215, 216, 221, 229, 231, 232, 234, 235, 236, 237, 239, 244, 248, 249, 250, 251, 252, 254, 255, 257, 264, 267, 268, 269, 270, 273, 285, 286, 287, 288, 289, 304, 307, 318, 321, 328, 345, 346, 348, 350, 361, 382, 383, 385, 387, 389, 390, 391, 393, 404, 405, 408, 409, 410, 412, 414, 415, 416, 417, 418, 419, 420, 421, 422, 423, 426, 428, 429, 430, 431, 432, 434, 435, 436, 437, 438, 439, 442, 448, 449, 450, 451, 465, 469, 470, 483, 485, 512, 513, 514, 515, 518, 519, 520, 522, 523, 526, 527, 528, 529, 531, 533, 535, 536, 539, 540, 543, 544, 545, 546, 549, 551, 552], "excluded_lines": []}}}, "src/niamoto/gui/api/utils/database.py": {"executed_lines": [1, 3, 4, 5, 7, 10, 11], "summary": {"covered_lines": 6, "num_statements": 17, "percent_covered": 35.294117647058826, "percent_covered_display": "35", "missing_lines": 11, "excluded_lines": 0}, "missing_lines": [32, 33, 34, 36, 37, 38, 39, 40, 41, 42, 43], "excluded_lines": [], "functions": {"open_database": {"executed_lines": [], "summary": {"covered_lines": 0, "num_statements": 11, "percent_covered": 0.0, "percent_covered_display": "0", "missing_lines": 11, "excluded_lines": 0}, "missing_lines": [32, 33, 34, 36, 37, 38, 39, 40, 41, 42, 43], "excluded_lines": []}, "": {"executed_lines": [1, 3, 4, 5, 7, 10, 11], "summary": {"covered_lines": 6, "num_statements": 6, "percent_covered": 100.0, "percent_covered_display": "100", "missing_lines": 0, "excluded_lines": 0}, "missing_lines": [], "excluded_lines": []}}, "classes": {"": {"executed_lines": [1, 3, 4, 5, 7, 10, 11], "summary": {"covered_lines": 6, "num_statements": 17, "percent_covered": 35.294117647058826, "percent_covered_display": "35", "missing_lines": 11, "excluded_lines": 0}, "missing_lines": [32, 33, 34, 36, 37, 38, 39, 40, 41, 42, 43], "excluded_lines": []}}}, "src/niamoto/main.py": {"executed_lines": [1, 5, 6, 8, 10, 11, 12, 13, 15, 18, 19, 26, 27, 33, 34, 37, 45, 47, 50, 53, 54, 56, 58, 59, 60, 61, 62, 63, 65, 68, 71, 72, 74, 77], "summary": {"covered_lines": 32, "num_statements": 32, "percent_covered": 100.0, "percent_covered_display": "100", "missing_lines": 0, "excluded_lines": 2}, "missing_lines": [], "excluded_lines": [77, 78], "functions": {"init_logging": {"executed_lines": [26, 27, 33, 34], "summary": {"covered_lines": 4, "num_statements": 4, "percent_covered": 100.0, "percent_covered_display": "100", "missing_lines": 0, "excluded_lines": 0}, "missing_lines": [], "excluded_lines": []}, "main": {"executed_lines": [45, 47, 50, 53, 54, 56, 58, 59, 60, 61, 62, 63, 65, 68, 71, 72, 74], "summary": {"covered_lines": 17, "num_statements": 17, "percent_covered": 100.0, "percent_covered_display": "100", "missing_lines": 0, "excluded_lines": 0}, "missing_lines": [], "excluded_lines": []}, "": {"executed_lines": [1, 5, 6, 8, 10, 11, 12, 13, 15, 18, 19, 37, 77], "summary": {"covered_lines": 11, "num_statements": 11, "percent_covered": 100.0, "percent_covered_display": "100", "missing_lines": 0, "excluded_lines": 2}, "missing_lines": [], "excluded_lines": [77, 78]}}, "classes": {"": {"executed_lines": [1, 5, 6, 8, 10, 11, 12, 13, 15, 18, 19, 26, 27, 33, 34, 37, 45, 47, 50, 53, 54, 56, 58, 59, 60, 61, 62, 63, 65, 68, 71, 72, 74, 77], "summary": {"covered_lines": 32, "num_statements": 32, "percent_covered": 100.0, "percent_covered_display": "100", "missing_lines": 0, "excluded_lines": 2}, "missing_lines": [], "excluded_lines": [77, 78]}}}}, "totals": {"covered_lines": 12729, "num_statements": 18335, "percent_covered": 69.42459776383966, "percent_covered_display": "69", "missing_lines": 5606, "excluded_lines": 77}}
